[LOG]<Thread:1>[02:00:24] : ====================================================
[LOG]<Thread:1>[02:00:24] :  * Client Start [IP : 127.0.0.1] [PORT : 9199] * 
[LOG]<Thread:1>[02:00:24] : ====================================================
[LOG]<Thread:1>[02:00:24] : Connecting to server...
[LOG]<Thread:3>[02:00:25] : Connect Failed
[LOG]<Thread:1>[02:00:29] : ====================================================
[LOG]<Thread:1>[02:00:29] :  * Client Start [IP : 127.0.0.1] [PORT : 9199] * 
[LOG]<Thread:1>[02:00:29] : ====================================================
[LOG]<Thread:1>[02:00:29] : Connecting to server...
[LOG]<Thread:3>[02:00:30] : Connect Failed
[LOG]<Thread:1>[02:00:38] : ====================================================
[LOG]<Thread:1>[02:00:38] :  * Client Start [IP : 127.0.0.1] [PORT : 9199] * 
[LOG]<Thread:1>[02:00:38] : ====================================================
[LOG]<Thread:1>[02:00:38] : Connecting to server...
[LOG]<Thread:6>[02:00:39] : Connect Failed
[LOG]<Thread:1>[02:30:02] : ====================================================
[LOG]<Thread:1>[02:30:02] :  * Client Start [IP : 127.0.0.1] [PORT : 9199] * 
[LOG]<Thread:1>[02:30:02] : ====================================================
[LOG]<Thread:1>[02:30:02] : Connecting to server...
[LOG]<Thread:3>[02:30:03] : Connect Failed
[LOG]<Thread:1>[02:40:08] : ====================================================
[LOG]<Thread:1>[02:40:08] :  * Client Start [IP : 127.0.0.1] [PORT : 9199] * 
[LOG]<Thread:1>[02:40:08] : ====================================================
[LOG]<Thread:1>[02:40:08] : Connecting to server...
[LOG]<Thread:3>[02:40:09] : Connect Failed
[LOG]<Thread:1>[02:41:22] : ====================================================
[LOG]<Thread:1>[02:41:22] :  * Client Start [IP : 127.0.0.1] [PORT : 9199] * 
[LOG]<Thread:1>[02:41:22] : ====================================================
[LOG]<Thread:1>[02:41:22] : Connecting to server...
[LOG]<Thread:3>[02:41:23] : Connect Failed
[LOG]<Thread:1>[02:41:39] : ====================================================
[LOG]<Thread:1>[02:41:39] :  * Client Start [IP : 127.0.0.1] [PORT : 9199] * 
[LOG]<Thread:1>[02:41:39] : ====================================================
[LOG]<Thread:1>[02:41:39] : Connecting to server...
[LOG]<Thread:3>[02:41:40] : Connect Failed
[LOG]<Thread:1>[02:42:15] : ====================================================
[LOG]<Thread:1>[02:42:15] :  * Client Start [IP : 127.0.0.1] [PORT : 9199] * 
[LOG]<Thread:1>[02:42:15] : ====================================================
[LOG]<Thread:1>[02:42:15] : Connecting to server...
[LOG]<Thread:3>[02:42:15] : Connect Complate
[LOG]<Thread:1>[02:42:30] : 회원가입 성공
[LOG]<Thread:1>[02:42:30] : 회원가입에 성공했습니다.
[LOG]<Thread:1>[02:45:06] : ====================================================
[LOG]<Thread:1>[02:45:06] :  * Client Start [IP : 127.0.0.1] [PORT : 9199] * 
[LOG]<Thread:1>[02:45:06] : ====================================================
[LOG]<Thread:1>[02:45:06] : Connecting to server...
[LOG]<Thread:1>[02:45:06] : This client runs on a Direct X client.
[LOG]<Thread:3>[02:45:07] : Connect Failed
[LOG]<Thread:1>[02:59:28] : ====================================================
[LOG]<Thread:1>[02:59:28] :  * Client Start [IP : 127.0.0.1] [PORT : 9199] * 
[LOG]<Thread:1>[02:59:28] : ====================================================
[LOG]<Thread:1>[02:59:28] : Connecting to server...
[LOG]<Thread:1>[02:59:28] : This client runs on a Direct X client.
[LOG]<Thread:3>[02:59:29] : Connect Failed
[LOG]<Thread:1>[03:00:19] : ====================================================
[LOG]<Thread:1>[03:00:19] :  * Client Start [IP : 127.0.0.1] [PORT : 9199] * 
[LOG]<Thread:1>[03:00:19] : ====================================================
[LOG]<Thread:1>[03:00:19] : Connecting to server...
[LOG]<Thread:1>[03:00:19] : This client runs on a Direct X client.
[LOG]<Thread:3>[03:00:20] : Connect Failed
[LOG]<Thread:1>[03:11:32] : ====================================================
[LOG]<Thread:1>[03:11:32] :  * Client Start [IP : 127.0.0.1] [PORT : 9199] * 
[LOG]<Thread:1>[03:11:32] : ====================================================
[LOG]<Thread:1>[03:11:32] : Connecting to server...
[LOG]<Thread:1>[03:11:32] : This client runs on a Direct X client.
[LOG]<Thread:3>[03:11:33] : Connect Failed
[LOG]<Thread:1>[03:13:21] : ====================================================
[LOG]<Thread:1>[03:13:21] :  * Client Start [IP : 127.0.0.1] [PORT : 9199] * 
[LOG]<Thread:1>[03:13:21] : ====================================================
[LOG]<Thread:1>[03:13:21] : Connecting to server...
[LOG]<Thread:1>[03:13:21] : This client runs on a Direct X client.
[LOG]<Thread:3>[03:13:22] : Connect Failed
[LOG]<Thread:1>[03:13:28] : ====================================================
[LOG]<Thread:1>[03:13:28] :  * Client Start [IP : 127.0.0.1] [PORT : 9199] * 
[LOG]<Thread:1>[03:13:28] : ====================================================
[LOG]<Thread:1>[03:13:28] : Connecting to server...
[LOG]<Thread:1>[03:13:28] : This client runs on a Direct X client.
[LOG]<Thread:3>[03:13:29] : Connect Failed
[LOG]<Thread:1>[03:17:09] : ====================================================
[LOG]<Thread:1>[03:17:09] :  * Client Start [IP : 127.0.0.1] [PORT : 9199] * 
[LOG]<Thread:1>[03:17:09] : ====================================================
[LOG]<Thread:1>[03:17:09] : Connecting to server...
[LOG]<Thread:1>[03:17:09] : This client runs on a Direct X client.
[LOG]<Thread:3>[03:17:10] : Connect Failed
[LOG]<Thread:1>[03:26:21] : ====================================================
[LOG]<Thread:1>[03:26:21] :  * Client Start [IP : 127.0.0.1] [PORT : 9199] * 
[LOG]<Thread:1>[03:26:21] : ====================================================
[LOG]<Thread:1>[03:26:21] : Connecting to server...
[LOG]<Thread:1>[03:26:21] : This client runs on a Direct X client.
[LOG]<Thread:3>[03:26:22] : Connect Failed
[LOG]<Thread:1>[03:27:32] : ====================================================
[LOG]<Thread:1>[03:27:32] :  * Client Start [IP : 127.0.0.1] [PORT : 9199] * 
[LOG]<Thread:1>[03:27:32] : ====================================================
[LOG]<Thread:1>[03:27:32] : Connecting to server...
[LOG]<Thread:1>[03:27:32] : This client runs on a Direct X client.
[LOG]<Thread:3>[03:27:33] : Connect Failed
[LOG]<Thread:1>[04:07:55] : ====================================================
[LOG]<Thread:1>[04:07:55] :  * Client Start [IP : 127.0.0.1] [PORT : 9199] * 
[LOG]<Thread:1>[04:07:55] : ====================================================
[LOG]<Thread:1>[04:07:55] : Connecting to server...
[LOG]<Thread:3>[04:07:55] : Connect Complate
[LOG]<Thread:1>[04:07:55] : This client runs on a Windows Form
[LOG]<Thread:5>[04:08:01] : TEST2 님이 접속하셨습니다.
[LOG]<Thread:5>[04:08:04] : A 방 입장에 성공했습니다.
[LOG]<Thread:5>[04:08:05] : [04:08:05] [TEST2] : sdasd
[LOG]<Thread:5>[04:08:05] : [04:08:05] [TEST2] : asd
[LOG]<Thread:5>[04:08:05] : [04:08:05] [TEST2] : as
[LOG]<Thread:5>[04:08:06] : [04:08:06] [TEST2] : das
[LOG]<Thread:5>[04:08:06] : [04:08:06] [TEST2] : das
[LOG]<Thread:5>[04:08:06] : [04:08:06] [TEST2] : d
[LOG]<Thread:5>[04:08:06] : [04:08:06] [TEST2] : asd
[LOG]<Thread:5>[04:08:06] : [04:08:06] [TEST2] : asd
[LOG]<Thread:5>[04:08:08] : [04:08:08] [TEST] : asdasdsd
[LOG]<Thread:5>[04:08:09] : [04:08:09] [TEST] : asd
[LOG]<Thread:5>[04:08:09] : [04:08:09] [TEST] : asd
[LOG]<Thread:5>[04:08:09] : [04:08:09] [TEST] : asd
[LOG]<Thread:5>[04:08:09] : [04:08:09] [TEST] : as
[LOG]<Thread:5>[04:08:09] : [04:08:09] [TEST] : dsa
[LOG]<Thread:1>[04:05:59] : ====================================================
[LOG]<Thread:1>[04:05:59] :  * Client Start [IP : 127.0.0.1] [PORT : 9199] * 
[LOG]<Thread:1>[04:05:59] : ====================================================
[LOG]<Thread:1>[04:05:59] : Connecting to server...
[LOG]<Thread:3>[04:05:59] : Connect Complate
[LOG]<Thread:1>[04:05:59] : This client runs on a Windows Form
[LOG]<Thread:5>[04:06:14] : 로그인 실패. [사유 : 아이디 또는 비밀번호를 확인해주세요.]
[LOG]<Thread:5>[04:06:28] : 회원가입 성공
[LOG]<Thread:5>[04:06:28] : 회원가입에 성공했습니다.
[LOG]<Thread:5>[04:06:33] : TEST 님이 접속하셨습니다.
[LOG]<Thread:5>[04:06:38] : 로그인 실패. [사유 : 이미 접속된 아이디입니다.]
[LOG]<Thread:5>[04:06:59] : 회원가입 성공
[LOG]<Thread:5>[04:06:59] : 회원가입에 성공했습니다.
[LOG]<Thread:5>[04:07:04] : 로그인 실패. [사유 : 이미 접속된 아이디입니다.]
[LOG]<Thread:5>[04:07:12] : 방 생성 성공
[LOG]<Thread:5>[04:07:15] : A 방 입장에 성공했습니다.
[LOG]<Thread:5>[04:07:17] : [04:07:17] [TEST] : /Exit
[LOG]<Thread:5>[04:07:19] : [04:07:19] [TEST] : asdasda
[LOG]<Thread:5>[04:07:19] : [04:07:19] [TEST] : sdas
[LOG]<Thread:5>[04:07:19] : [04:07:19] [TEST] : da
[LOG]<Thread:5>[04:07:19] : [04:07:19] [TEST] : sd
[LOG]<Thread:5>[04:07:20] : [04:07:20] [TEST] : asd
[LOG]<Thread:5>[04:07:20] : [04:07:20] [TEST] : asd
[LOG]<Thread:5>[04:07:20] : [04:07:20] [TEST] : as
[LOG]<Thread:5>[04:07:21] : [04:07:21] [TEST] : d
[LOG]<Thread:5>[04:07:26] : [04:07:26] [TEST] : asdsdasd
[LOG]<Thread:5>[04:07:26] : [04:07:26] [TEST] : as
[LOG]<Thread:5>[04:07:26] : [04:07:26] [TEST] : das
[LOG]<Thread:5>[04:07:26] : [04:07:26] [TEST] : d
[LOG]<Thread:5>[04:07:26] : [04:07:26] [TEST] : asd
[LOG]<Thread:5>[04:07:26] : [04:07:26] [TEST] : as
[LOG]<Thread:5>[04:07:26] : [04:07:26] [TEST] : da
[LOG]<Thread:5>[04:07:26] : [04:07:26] [TEST] : sd
[LOG]<Thread:5>[04:07:27] : [04:07:27] [TEST] : asd
[LOG]<Thread:5>[04:07:37] : [04:07:37] [TEST] : d
[LOG]<Thread:5>[04:07:37] : [04:07:37] [TEST] : d
[LOG]<Thread:5>[04:07:38] : [04:07:38] [TEST] : d
[LOG]<Thread:5>[04:07:38] : [04:07:38] [TEST] : d
[LOG]<Thread:5>[04:07:38] : [04:07:38] [TEST] : d
[LOG]<Thread:5>[04:07:39] : [04:07:39] [TEST] : d
[LOG]<Thread:5>[04:07:39] : [04:07:39] [TEST] : d
[LOG]<Thread:5>[04:07:39] : [04:07:39] [TEST] : d
[LOG]<Thread:5>[04:07:40] : [04:07:40] [TEST] : d
[LOG]<Thread:5>[04:07:40] : [04:07:40] [TEST] : d
[LOG]<Thread:5>[04:07:40] : [04:07:40] [TEST] : d
[LOG]<Thread:5>[04:07:41] : [04:07:41] [TEST] : d
[LOG]<Thread:5>[04:07:41] : [04:07:41] [TEST] : d
[LOG]<Thread:5>[04:07:41] : [04:07:41] [TEST] : d
[LOG]<Thread:5>[04:07:42] : [04:07:42] [TEST] : asdasd
[LOG]<Thread:5>[04:07:42] : [04:07:42] [TEST] : as
[LOG]<Thread:5>[04:07:42] : [04:07:42] [TEST] : das
[LOG]<Thread:5>[04:07:42] : [04:07:42] [TEST] : d
[LOG]<Thread:5>[04:07:43] : [04:07:43] [TEST] : asdaasdasd
[LOG]<Thread:5>[04:08:05] : [04:08:05] [TEST2] : sdasd
[LOG]<Thread:5>[04:08:05] : [04:08:05] [TEST2] : asd
[LOG]<Thread:5>[04:08:05] : [04:08:05] [TEST2] : as
[LOG]<Thread:5>[04:08:06] : [04:08:06] [TEST2] : das
[LOG]<Thread:5>[04:08:06] : [04:08:06] [TEST2] : das
[LOG]<Thread:5>[04:08:06] : [04:08:06] [TEST2] : d
[LOG]<Thread:5>[04:08:06] : [04:08:06] [TEST2] : asd
[LOG]<Thread:5>[04:08:06] : [04:08:06] [TEST2] : asd
[LOG]<Thread:5>[04:08:08] : [04:08:08] [TEST] : asdasdsd
[LOG]<Thread:5>[04:08:09] : [04:08:09] [TEST] : asd
[LOG]<Thread:5>[04:08:09] : [04:08:09] [TEST] : asd
[LOG]<Thread:5>[04:08:09] : [04:08:09] [TEST] : asd
[LOG]<Thread:5>[04:08:09] : [04:08:09] [TEST] : as
[LOG]<Thread:5>[04:08:09] : [04:08:09] [TEST] : dsa
