[LOG]<Thread:1>[12:07:03] : ====================================================
[LOG]<Thread:1>[12:07:03] :  * Client Start [IP : 127.0.0.1] [PORT : 9199] * 
[LOG]<Thread:1>[12:07:03] : ====================================================
[LOG]<Thread:1>[12:07:03] : Connecting to server...
[LOG]<Thread:1>[12:07:03] : This client runs on a Direct X client.
[LOG]<Thread:3>[12:07:04] : Connect Failed
[LOG]<Thread:1>[12:09:46] : ====================================================
[LOG]<Thread:1>[12:09:46] :  * Client Start [IP : 127.0.0.1] [PORT : 9199] * 
[LOG]<Thread:1>[12:09:46] : ====================================================
[LOG]<Thread:1>[12:09:46] : Connecting to server...
[LOG]<Thread:1>[12:09:46] : This client runs on a Direct X client.
[LOG]<Thread:3>[12:09:47] : Connect Failed
[LOG]<Thread:1>[12:16:30] : ====================================================
[LOG]<Thread:1>[12:16:30] :  * Client Start [IP : 127.0.0.1] [PORT : 9199] * 
[LOG]<Thread:1>[12:16:30] : ====================================================
[LOG]<Thread:1>[12:16:30] : Connecting to server...
[LOG]<Thread:1>[12:16:30] : This client runs on a Direct X client.
[LOG]<Thread:3>[12:16:31] : Connect Failed
[LOG]<Thread:1>[12:16:40] : ====================================================
[LOG]<Thread:1>[12:16:40] :  * Client Start [IP : 127.0.0.1] [PORT : 9199] * 
[LOG]<Thread:1>[12:16:40] : ====================================================
[LOG]<Thread:1>[12:16:40] : Connecting to server...
[LOG]<Thread:1>[12:16:40] : This client runs on a Direct X client.
[LOG]<Thread:3>[12:16:41] : Connect Failed
[LOG]<Thread:1>[12:17:43] : ====================================================
[LOG]<Thread:1>[12:17:43] :  * Client Start [IP : 127.0.0.1] [PORT : 9199] * 
[LOG]<Thread:1>[12:17:43] : ====================================================
[LOG]<Thread:1>[12:17:43] : Connecting to server...
[LOG]<Thread:1>[12:17:43] : This client runs on a Direct X client.
[LOG]<Thread:3>[12:17:44] : Connect Failed
[LOG]<Thread:1>[12:18:41] : ====================================================
[LOG]<Thread:1>[12:18:41] :  * Client Start [IP : 127.0.0.1] [PORT : 9199] * 
[LOG]<Thread:1>[12:18:41] : ====================================================
[LOG]<Thread:1>[12:18:41] : Connecting to server...
[LOG]<Thread:1>[12:18:41] : This client runs on a Direct X client.
[LOG]<Thread:3>[12:18:42] : Connect Failed
[LOG]<Thread:1>[12:18:49] : ====================================================
[LOG]<Thread:1>[12:18:49] :  * Client Start [IP : 127.0.0.1] [PORT : 9199] * 
[LOG]<Thread:1>[12:18:49] : ====================================================
[LOG]<Thread:1>[12:18:49] : Connecting to server...
[LOG]<Thread:1>[12:18:49] : This client runs on a Direct X client.
[LOG]<Thread:3>[12:18:50] : Connect Failed
[LOG]<Thread:1>[12:19:15] : ====================================================
[LOG]<Thread:1>[12:19:15] :  * Client Start [IP : 127.0.0.1] [PORT : 9199] * 
[LOG]<Thread:1>[12:19:15] : ====================================================
[LOG]<Thread:1>[12:19:15] : Connecting to server...
[LOG]<Thread:1>[12:19:15] : This client runs on a Direct X client.
[LOG]<Thread:3>[12:19:16] : Connect Failed
[LOG]<Thread:1>[12:19:27] : ====================================================
[LOG]<Thread:1>[12:19:27] :  * Client Start [IP : 127.0.0.1] [PORT : 9199] * 
[LOG]<Thread:1>[12:19:27] : ====================================================
[LOG]<Thread:1>[12:19:27] : Connecting to server...
[LOG]<Thread:1>[12:19:27] : This client runs on a Direct X client.
[LOG]<Thread:3>[12:19:28] : Connect Failed
[LOG]<Thread:1>[12:20:14] : ====================================================
[LOG]<Thread:1>[12:20:14] :  * Client Start [IP : 127.0.0.1] [PORT : 9199] * 
[LOG]<Thread:1>[12:20:14] : ====================================================
[LOG]<Thread:1>[12:20:14] : Connecting to server...
[LOG]<Thread:3>[12:20:14] : Connect Complate
[LOG]<Thread:1>[12:20:14] : This client runs on a Direct X client.
[LOG]<Thread:1>[12:20:24] : ====================================================
[LOG]<Thread:1>[12:20:24] :  * Client Start [IP : 127.0.0.1] [PORT : 9199] * 
[LOG]<Thread:1>[12:20:24] : ====================================================
[LOG]<Thread:1>[12:20:24] : Connecting to server...
[LOG]<Thread:3>[12:20:24] : Connect Complate
[LOG]<Thread:1>[12:20:24] : This client runs on a Direct X client.
[LOG]<Thread:1>[12:27:47] : ====================================================
[LOG]<Thread:1>[12:27:47] :  * Client Start [IP : 127.0.0.1] [PORT : 9199] * 
[LOG]<Thread:1>[12:27:47] : ====================================================
[LOG]<Thread:1>[12:27:47] : Connecting to server...
[LOG]<Thread:1>[12:27:47] : This client runs on a Direct X client.
[LOG]<Thread:3>[12:27:48] : Connect Failed
[LOG]<Thread:1>[12:27:53] : ====================================================
[LOG]<Thread:1>[12:27:53] :  * Client Start [IP : 127.0.0.1] [PORT : 9199] * 
[LOG]<Thread:1>[12:27:53] : ====================================================
[LOG]<Thread:1>[12:27:53] : Connecting to server...
[LOG]<Thread:1>[12:27:53] : This client runs on a Direct X client.
[LOG]<Thread:1>[12:30:06] : ====================================================
[LOG]<Thread:1>[12:30:06] :  * Client Start [IP : 127.0.0.1] [PORT : 9199] * 
[LOG]<Thread:1>[12:30:06] : ====================================================
[LOG]<Thread:1>[12:30:06] : Connecting to server...
[LOG]<Thread:1>[12:30:06] : This client runs on a Direct X client.
[LOG]<Thread:3>[12:30:07] : Connect Failed
[LOG]<Thread:1>[12:30:14] : ====================================================
[LOG]<Thread:1>[12:30:14] :  * Client Start [IP : 127.0.0.1] [PORT : 9199] * 
[LOG]<Thread:1>[12:30:14] : ====================================================
[LOG]<Thread:1>[12:30:14] : Connecting to server...
[LOG]<Thread:3>[12:30:14] : Connect Complate
[LOG]<Thread:1>[12:30:14] : This client runs on a Direct X client.
[LOG]<Thread:1>[12:30:37] : ====================================================
[LOG]<Thread:1>[12:30:37] :  * Client Start [IP : 127.0.0.1] [PORT : 9199] * 
[LOG]<Thread:1>[12:30:37] : ====================================================
[LOG]<Thread:1>[12:30:37] : Connecting to server...
[LOG]<Thread:3>[12:30:37] : Connect Complate
[LOG]<Thread:1>[12:30:44] : This client runs on a Direct X client.
[LOG]<Thread:1>[12:45:31] : ====================================================
[LOG]<Thread:1>[12:45:31] :  * Client Start [IP : 127.0.0.1] [PORT : 9199] * 
[LOG]<Thread:1>[12:45:31] : ====================================================
[LOG]<Thread:1>[12:45:31] : Connecting to server...
[LOG]<Thread:1>[12:45:31] : This client runs on a Direct X client.
[LOG]<Thread:3>[12:45:32] : Connect Failed
[LOG]<Thread:1>[12:45:44] : ====================================================
[LOG]<Thread:1>[12:45:44] :  * Client Start [IP : 127.0.0.1] [PORT : 9199] * 
[LOG]<Thread:1>[12:45:44] : ====================================================
[LOG]<Thread:1>[12:45:44] : Connecting to server...
[LOG]<Thread:1>[12:45:44] : This client runs on a Direct X client.
[LOG]<Thread:3>[12:45:44] : Connect Complate
[LOG]<Thread:1>[12:46:55] : ====================================================
[LOG]<Thread:1>[12:46:55] :  * Client Start [IP : 127.0.0.1] [PORT : 9199] * 
[LOG]<Thread:1>[12:46:55] : ====================================================
[LOG]<Thread:1>[12:46:55] : Connecting to server...
[LOG]<Thread:1>[12:46:55] : This client runs on a Direct X client.
[LOG]<Thread:3>[12:46:56] : Connect Failed
[LOG]<Thread:1>[12:47:02] : ====================================================
[LOG]<Thread:1>[12:47:02] :  * Client Start [IP : 127.0.0.1] [PORT : 9199] * 
[LOG]<Thread:1>[12:47:02] : ====================================================
[LOG]<Thread:1>[12:47:02] : Connecting to server...
[LOG]<Thread:1>[12:47:03] : This client runs on a Direct X client.
[LOG]<Thread:3>[12:47:03] : Connect Complate
[LOG]<Thread:1>[12:51:49] : ====================================================
[LOG]<Thread:1>[12:51:49] :  * Client Start [IP : 127.0.0.1] [PORT : 9199] * 
[LOG]<Thread:1>[12:51:49] : ====================================================
[LOG]<Thread:1>[12:51:49] : Connecting to server...
[LOG]<Thread:1>[12:51:49] : This client runs on a Direct X client.
[LOG]<Thread:3>[12:51:50] : Connect Failed
[LOG]<Thread:1>[12:51:57] : ====================================================
[LOG]<Thread:1>[12:51:57] :  * Client Start [IP : 127.0.0.1] [PORT : 9199] * 
[LOG]<Thread:1>[12:51:57] : ====================================================
[LOG]<Thread:1>[12:51:57] : Connecting to server...
[LOG]<Thread:1>[12:51:57] : This client runs on a Direct X client.
[LOG]<Thread:3>[12:51:58] : Connect Failed
[LOG]<Thread:1>[01:04:28] : ====================================================
[LOG]<Thread:1>[01:04:28] :  * Client Start [IP : 127.0.0.1] [PORT : 9199] * 
[LOG]<Thread:1>[01:04:28] : ====================================================
[LOG]<Thread:1>[01:04:28] : Connecting to server...
[LOG]<Thread:1>[01:04:28] : This client runs on a Direct X client.
[LOG]<Thread:3>[01:04:28] : Connect Complate
[LOG]<Thread:1>[01:07:20] : ====================================================
[LOG]<Thread:1>[01:07:20] :  * Client Start [IP : 127.0.0.1] [PORT : 9199] * 
[LOG]<Thread:1>[01:07:20] : ====================================================
[LOG]<Thread:1>[01:07:20] : Connecting to server...
[LOG]<Thread:1>[01:07:20] : This client runs on a Direct X client.
[LOG]<Thread:3>[01:07:21] : Connect Failed
[LOG]<Thread:1>[01:07:31] : ====================================================
[LOG]<Thread:1>[01:07:31] :  * Client Start [IP : 127.0.0.1] [PORT : 9199] * 
[LOG]<Thread:1>[01:07:31] : ====================================================
[LOG]<Thread:1>[01:07:31] : Connecting to server...
[LOG]<Thread:1>[01:07:31] : This client runs on a Direct X client.
[LOG]<Thread:3>[01:07:31] : Connect Complate
[LOG]<Thread:1>[01:07:41] : 로그인 실패. [사유 : 아이디 또는 비밀번호를 확인해주세요.]
[LOG]<Thread:1>[01:07:55] : TEST 님이 접속하셨습니다.
[LOG]<Thread:1>[01:08:02] : 방 생성 성공
[LOG]<Thread:1>[01:15:49] : ====================================================
[LOG]<Thread:1>[01:15:49] :  * Client Start [IP : 127.0.0.1] [PORT : 9199] * 
[LOG]<Thread:1>[01:15:49] : ====================================================
[LOG]<Thread:1>[01:15:49] : Connecting to server...
[LOG]<Thread:1>[01:15:49] : This client runs on a Direct X client.
[LOG]<Thread:3>[01:15:50] : Connect Failed
[LOG]<Thread:1>[01:18:16] : ====================================================
[LOG]<Thread:1>[01:18:16] :  * Client Start [IP : 127.0.0.1] [PORT : 9199] * 
[LOG]<Thread:1>[01:18:16] : ====================================================
[LOG]<Thread:1>[01:18:16] : Connecting to server...
[LOG]<Thread:1>[01:18:16] : This client runs on a Direct X client.
[LOG]<Thread:3>[01:18:17] : Connect Failed
[LOG]<Thread:1>[01:18:28] : ====================================================
[LOG]<Thread:1>[01:18:28] :  * Client Start [IP : 127.0.0.1] [PORT : 9199] * 
[LOG]<Thread:1>[01:18:28] : ====================================================
[LOG]<Thread:1>[01:18:28] : Connecting to server...
[LOG]<Thread:1>[01:18:28] : This client runs on a Direct X client.
[LOG]<Thread:3>[01:18:28] : Connect Complate
[LOG]<Thread:1>[01:20:16] : ====================================================
[LOG]<Thread:1>[01:20:16] :  * Client Start [IP : 127.0.0.1] [PORT : 9199] * 
[LOG]<Thread:1>[01:20:16] : ====================================================
[LOG]<Thread:1>[01:20:16] : Connecting to server...
[LOG]<Thread:1>[01:20:16] : This client runs on a Direct X client.
[LOG]<Thread:3>[01:20:16] : Connect Complate
[LOG]<Thread:1>[01:20:28] : TEST 님이 접속하셨습니다.
[LOG]<Thread:1>[01:20:31] : 방 생성 성공
[LOG]<Thread:1>[01:27:29] : ====================================================
[LOG]<Thread:1>[01:27:29] :  * Client Start [IP : 127.0.0.1] [PORT : 9199] * 
[LOG]<Thread:1>[01:27:29] : ====================================================
[LOG]<Thread:1>[01:27:29] : Connecting to server...
[LOG]<Thread:1>[01:27:29] : This client runs on a Direct X client.
[LOG]<Thread:3>[01:27:30] : Connect Failed
[LOG]<Thread:1>[01:27:35] : ====================================================
[LOG]<Thread:1>[01:27:35] :  * Client Start [IP : 127.0.0.1] [PORT : 9199] * 
[LOG]<Thread:1>[01:27:35] : ====================================================
[LOG]<Thread:1>[01:27:35] : Connecting to server...
[LOG]<Thread:1>[01:27:35] : This client runs on a Direct X client.
[LOG]<Thread:3>[01:27:35] : Connect Complate
[LOG]<Thread:1>[01:27:44] : TEST 님이 접속하셨습니다.
[LOG]<Thread:1>[01:28:51] : ====================================================
[LOG]<Thread:1>[01:28:51] :  * Client Start [IP : 127.0.0.1] [PORT : 9199] * 
[LOG]<Thread:1>[01:28:51] : ====================================================
[LOG]<Thread:1>[01:28:51] : Connecting to server...
[LOG]<Thread:1>[01:28:51] : This client runs on a Direct X client.
[LOG]<Thread:3>[01:28:51] : Connect Complate
[LOG]<Thread:1>[01:28:58] : ====================================================
[LOG]<Thread:1>[01:28:58] :  * Client Start [IP : 127.0.0.1] [PORT : 9199] * 
[LOG]<Thread:1>[01:28:58] : ====================================================
[LOG]<Thread:1>[01:28:58] : Connecting to server...
[LOG]<Thread:1>[01:28:58] : This client runs on a Direct X client.
[LOG]<Thread:1>[01:29:05] : ====================================================
[LOG]<Thread:1>[01:29:05] :  * Client Start [IP : 127.0.0.1] [PORT : 9199] * 
[LOG]<Thread:1>[01:29:05] : ====================================================
[LOG]<Thread:1>[01:29:05] : Connecting to server...
[LOG]<Thread:1>[01:29:05] : This client runs on a Direct X client.
[LOG]<Thread:3>[01:29:05] : Connect Complate
[LOG]<Thread:1>[01:29:13] : TEST 님이 접속하셨습니다.
[LOG]<Thread:1>[01:29:20] : 방 생성 성공
[LOG]<Thread:1>[01:29:34] : 방 생성 성공
[LOG]<Thread:1>[01:33:10] : ====================================================
[LOG]<Thread:1>[01:33:10] :  * Client Start [IP : 127.0.0.1] [PORT : 9199] * 
[LOG]<Thread:1>[01:33:10] : ====================================================
[LOG]<Thread:1>[01:33:10] : Connecting to server...
[LOG]<Thread:1>[01:33:10] : This client runs on a Direct X client.
[LOG]<Thread:3>[01:33:10] : Connect Complate
[LOG]<Thread:1>[01:33:20] : 로그인 실패. [사유 : 해당 아이디는 이미 다른 컴퓨터에서 사용 중입니다.]
[LOG]<Thread:1>[01:33:28] : 로그인 실패. [사유 : 해당 아이디는 이미 다른 컴퓨터에서 사용 중입니다.]
[LOG]<Thread:1>[01:33:36] : ====================================================
[LOG]<Thread:1>[01:33:36] :  * Client Start [IP : 127.0.0.1] [PORT : 9199] * 
[LOG]<Thread:1>[01:33:36] : ====================================================
[LOG]<Thread:1>[01:33:36] : Connecting to server...
[LOG]<Thread:1>[01:33:36] : This client runs on a Direct X client.
[LOG]<Thread:3>[01:33:37] : Connect Failed
[LOG]<Thread:1>[01:37:40] : ====================================================
[LOG]<Thread:1>[01:37:40] :  * Client Start [IP : 127.0.0.1] [PORT : 9199] * 
[LOG]<Thread:1>[01:37:40] : ====================================================
[LOG]<Thread:1>[01:37:40] : Connecting to server...
[LOG]<Thread:1>[01:37:40] : This client runs on a Direct X client.
[LOG]<Thread:3>[01:37:41] : Connect Failed
[LOG]<Thread:1>[01:40:01] : ====================================================
[LOG]<Thread:1>[01:40:01] :  * Client Start [IP : 127.0.0.1] [PORT : 9199] * 
[LOG]<Thread:1>[01:40:01] : ====================================================
[LOG]<Thread:1>[01:40:01] : Connecting to server...
[LOG]<Thread:1>[01:40:01] : This client runs on a Direct X client.
[LOG]<Thread:3>[01:40:01] : Connect Complate
[LOG]<Thread:1>[01:40:11] : 로그인 실패. [사유 : 아이디 또는 비밀번호를 확인해주세요.]
[LOG]<Thread:1>[01:40:22] : ====================================================
[LOG]<Thread:1>[01:40:22] :  * Client Start [IP : 127.0.0.1] [PORT : 9199] * 
[LOG]<Thread:1>[01:40:22] : ====================================================
[LOG]<Thread:1>[01:40:22] : Connecting to server...
[LOG]<Thread:1>[01:40:22] : This client runs on a Direct X client.
[LOG]<Thread:3>[01:40:23] : Connect Failed
[LOG]<Thread:1>[01:43:46] : ====================================================
[LOG]<Thread:1>[01:43:46] :  * Client Start [IP : 127.0.0.1] [PORT : 9199] * 
[LOG]<Thread:1>[01:43:46] : ====================================================
[LOG]<Thread:1>[01:43:46] : Connecting to server...
[LOG]<Thread:1>[01:43:46] : This client runs on a Direct X client.
[LOG]<Thread:3>[01:43:47] : Connect Failed
[LOG]<Thread:1>[01:50:56] : ====================================================
[LOG]<Thread:1>[01:50:56] :  * Client Start [IP : 127.0.0.1] [PORT : 9199] * 
[LOG]<Thread:1>[01:50:56] : ====================================================
[LOG]<Thread:1>[01:50:56] : Connecting to server...
[LOG]<Thread:1>[01:50:56] : This client runs on a Direct X client.
[LOG]<Thread:3>[01:50:56] : Connect Complate
[LOG]<Thread:1>[01:51:05] : TEST 님이 접속하셨습니다.
[LOG]<Thread:1>[01:51:35] : 방 생성 성공
[LOG]<Thread:1>[01:51:39] : A 방 입장에 성공했습니다.
[LOG]<Thread:1>[02:12:22] : ====================================================
[LOG]<Thread:1>[02:12:22] :  * Client Start [IP : 127.0.0.1] [PORT : 9199] * 
[LOG]<Thread:1>[02:12:22] : ====================================================
[LOG]<Thread:1>[02:12:22] : Connecting to server...
[LOG]<Thread:1>[02:12:22] : This client runs on a Direct X client.
[LOG]<Thread:1>[02:16:32] : ====================================================
[LOG]<Thread:1>[02:16:32] :  * Client Start [IP : 127.0.0.1] [PORT : 9199] * 
[LOG]<Thread:1>[02:16:32] : ====================================================
[LOG]<Thread:1>[02:16:32] : Connecting to server...
[LOG]<Thread:1>[02:16:32] : This client runs on a Direct X client.
[LOG]<Thread:3>[02:16:33] : Connect Failed
[LOG]<Thread:1>[02:33:49] : ====================================================
[LOG]<Thread:1>[02:33:49] :  * Client Start [IP : 127.0.0.1] [PORT : 9199] * 
[LOG]<Thread:1>[02:33:49] : ====================================================
[LOG]<Thread:1>[02:33:49] : Connecting to server...
[LOG]<Thread:1>[02:33:49] : This client runs on a Direct X client.
[LOG]<Thread:3>[02:33:50] : Connect Failed
[LOG]<Thread:1>[02:34:22] : ====================================================
[LOG]<Thread:1>[02:34:22] :  * Client Start [IP : 127.0.0.1] [PORT : 9199] * 
[LOG]<Thread:1>[02:34:22] : ====================================================
[LOG]<Thread:1>[02:34:22] : Connecting to server...
[LOG]<Thread:1>[02:34:22] : This client runs on a Direct X client.
[LOG]<Thread:3>[02:34:22] : Connect Complate
[LOG]<Thread:1>[02:35:50] : ====================================================
[LOG]<Thread:1>[02:35:50] :  * Client Start [IP : 127.0.0.1] [PORT : 9199] * 
[LOG]<Thread:1>[02:35:50] : ====================================================
[LOG]<Thread:1>[02:35:50] : Connecting to server...
[LOG]<Thread:1>[02:35:50] : This client runs on a Direct X client.
[LOG]<Thread:3>[02:35:51] : Connect Failed
[LOG]<Thread:1>[02:39:49] : ====================================================
[LOG]<Thread:1>[02:39:49] :  * Client Start [IP : 127.0.0.1] [PORT : 9199] * 
[LOG]<Thread:1>[02:39:49] : ====================================================
[LOG]<Thread:1>[02:39:49] : Connecting to server...
[LOG]<Thread:1>[02:39:49] : This client runs on a Direct X client.
[LOG]<Thread:1>[03:14:17] : ====================================================
[LOG]<Thread:1>[03:14:17] :  * Client Start [IP : 127.0.0.1] [PORT : 9199] * 
[LOG]<Thread:1>[03:14:17] : ====================================================
[LOG]<Thread:1>[03:14:17] : Connecting to server...
[LOG]<Thread:3>[03:14:17] : Connect Complate
[LOG]<Thread:1>[03:14:17] : This client runs on a Direct X client.
[LOG]<Thread:1>[03:14:25] : TEST 님이 접속하셨습니다.
[LOG]<Thread:1>[03:14:28] : 방 생성 성공
[LOG]<Thread:1>[03:14:28] : aa 방 입장에 성공했습니다.
[LOG]<Thread:1>[03:14:30] : [03:14:30] [TEST] : asdasd
[LOG]<Thread:1>[03:14:38] : Lobby 방 입장에 실패했습니다.
[LOG]<Thread:1>[03:14:39] : Lobby 방 입장에 실패했습니다.
[LOG]<Thread:1>[03:14:40] : Lobby 방 입장에 실패했습니다.
[LOG]<Thread:1>[03:17:12] : ====================================================
[LOG]<Thread:1>[03:17:12] :  * Client Start [IP : 127.0.0.1] [PORT : 9199] * 
[LOG]<Thread:1>[03:17:12] : ====================================================
[LOG]<Thread:1>[03:17:12] : Connecting to server...
[LOG]<Thread:1>[03:17:12] : This client runs on a Direct X client.
[LOG]<Thread:3>[03:17:12] : Connect Complate
[LOG]<Thread:1>[03:17:20] : 로그인 실패. [사유 : 해당 아이디는 이미 다른 컴퓨터에서 사용 중입니다.]
[LOG]<Thread:1>[03:17:26] : TEST2 님이 접속하셨습니다.
[LOG]<Thread:1>[03:17:34] : 방 생성 성공
[LOG]<Thread:1>[03:17:34] : adsad 방 입장에 성공했습니다.
[LOG]<Thread:1>[03:17:37] : [03:17:37] [TEST2] : cascasc
[LOG]<Thread:1>[03:20:05] : ====================================================
[LOG]<Thread:1>[03:20:05] :  * Client Start [IP : 127.0.0.1] [PORT : 9199] * 
[LOG]<Thread:1>[03:20:05] : ====================================================
[LOG]<Thread:1>[03:20:05] : Connecting to server...
[LOG]<Thread:1>[03:20:05] : This client runs on a Direct X client.
[LOG]<Thread:3>[03:20:05] : Connect Complate
[LOG]<Thread:1>[03:20:16] : ====================================================
[LOG]<Thread:1>[03:20:16] :  * Client Start [IP : 127.0.0.1] [PORT : 9199] * 
[LOG]<Thread:1>[03:20:16] : ====================================================
[LOG]<Thread:1>[03:20:16] : Connecting to server...
[LOG]<Thread:1>[03:20:16] : This client runs on a Direct X client.
[LOG]<Thread:3>[03:20:16] : Connect Complate
[LOG]<Thread:1>[03:20:23] : TEST 님이 접속하셨습니다.
[LOG]<Thread:1>[03:20:31] : DefaultRoom [1] 방 입장에 성공했습니다.
[LOG]<Thread:1>[03:20:34] : [03:20:34] [TEST] : asdasdasdasd
[LOG]<Thread:1>[03:20:37] : Lobby 방 입장에 실패했습니다.
[LOG]<Thread:1>[03:20:42] : Lobby 방 입장에 실패했습니다.
[LOG]<Thread:1>[03:20:42] : Lobby 방 입장에 실패했습니다.
[LOG]<Thread:1>[03:20:43] : Lobby 방 입장에 실패했습니다.
[LOG]<Thread:1>[03:20:43] : Lobby 방 입장에 실패했습니다.
[LOG]<Thread:1>[03:20:44] : Lobby 방 입장에 실패했습니다.
[LOG]<Thread:1>[03:20:44] : Lobby 방 입장에 실패했습니다.
[LOG]<Thread:1>[03:20:45] : Lobby 방 입장에 실패했습니다.
[LOG]<Thread:1>[03:20:45] : Lobby 방 입장에 실패했습니다.
[LOG]<Thread:1>[03:20:45] : Lobby 방 입장에 실패했습니다.
[LOG]<Thread:1>[03:20:46] : Lobby 방 입장에 실패했습니다.
[LOG]<Thread:1>[03:20:46] : Lobby 방 입장에 실패했습니다.
[LOG]<Thread:1>[03:20:46] : Lobby 방 입장에 실패했습니다.
[LOG]<Thread:1>[03:20:47] : Lobby 방 입장에 실패했습니다.
[LOG]<Thread:1>[03:20:47] : Lobby 방 입장에 실패했습니다.
[LOG]<Thread:1>[03:20:47] : Lobby 방 입장에 실패했습니다.
[LOG]<Thread:1>[03:20:48] : Lobby 방 입장에 실패했습니다.
[LOG]<Thread:1>[03:20:48] : Lobby 방 입장에 실패했습니다.
[LOG]<Thread:1>[03:36:55] : ====================================================
[LOG]<Thread:1>[03:36:55] :  * Client Start [IP : 127.0.0.1] [PORT : 9199] * 
[LOG]<Thread:1>[03:36:55] : ====================================================
[LOG]<Thread:1>[03:36:55] : Connecting to server...
[LOG]<Thread:1>[03:36:55] : This client runs on a Direct X client.
[LOG]<Thread:3>[03:36:56] : Connect Failed
[LOG]<Thread:1>[03:37:10] : ====================================================
[LOG]<Thread:1>[03:37:10] :  * Client Start [IP : 127.0.0.1] [PORT : 9199] * 
[LOG]<Thread:1>[03:37:10] : ====================================================
[LOG]<Thread:1>[03:37:10] : Connecting to server...
[LOG]<Thread:1>[03:37:10] : This client runs on a Direct X client.
[LOG]<Thread:3>[03:37:11] : Connect Failed
[LOG]<Thread:1>[03:37:31] : ====================================================
[LOG]<Thread:1>[03:37:31] :  * Client Start [IP : 127.0.0.1] [PORT : 9199] * 
[LOG]<Thread:1>[03:37:31] : ====================================================
[LOG]<Thread:1>[03:37:31] : Connecting to server...
[LOG]<Thread:1>[03:37:31] : This client runs on a Direct X client.
[LOG]<Thread:3>[03:37:31] : Connect Complate
[LOG]<Thread:1>[03:39:27] : ====================================================
[LOG]<Thread:1>[03:39:27] :  * Client Start [IP : 127.0.0.1] [PORT : 9199] * 
[LOG]<Thread:1>[03:39:27] : ====================================================
[LOG]<Thread:1>[03:39:27] : Connecting to server...
[LOG]<Thread:1>[03:39:27] : This client runs on a Direct X client.
[LOG]<Thread:3>[03:39:27] : Connect Complate
[LOG]<Thread:1>[03:39:36] : TEST2 님이 접속하셨습니다.
[LOG]<Thread:1>[03:39:39] : 방 생성 성공
[LOG]<Thread:1>[03:39:39] : asd 방 입장에 성공했습니다.
[LOG]<Thread:1>[03:39:43] : [03:39:43] [TEST2] : acacaccaaccaaccaac
[LOG]<Thread:1>[03:39:45] : Lobby 방 입장에 실패했습니다.
[LOG]<Thread:1>[03:39:50] : 방 생성 성공
[LOG]<Thread:1>[03:39:50] : cascasc 방 입장에 성공했습니다.
[LOG]<Thread:1>[03:39:52] : Lobby 방 입장에 실패했습니다.
[LOG]<Thread:1>[03:45:50] : ====================================================
[LOG]<Thread:1>[03:45:50] :  * Client Start [IP : 127.0.0.1] [PORT : 9199] * 
[LOG]<Thread:1>[03:45:50] : ====================================================
[LOG]<Thread:1>[03:45:50] : Connecting to server...
[LOG]<Thread:1>[03:45:50] : This client runs on a Direct X client.
[LOG]<Thread:3>[03:45:51] : Connect Failed
[LOG]<Thread:1>[03:46:35] : ====================================================
[LOG]<Thread:1>[03:46:35] :  * Client Start [IP : 127.0.0.1] [PORT : 9199] * 
[LOG]<Thread:1>[03:46:35] : ====================================================
[LOG]<Thread:1>[03:46:35] : Connecting to server...
[LOG]<Thread:1>[03:46:35] : This client runs on a Direct X client.
[LOG]<Thread:3>[03:46:35] : Connect Complate
[LOG]<Thread:1>[03:46:41] : c 님이 접속하셨습니다.
[LOG]<Thread:1>[03:46:44] : asd 방 입장에 성공했습니다.
[LOG]<Thread:1>[03:46:46] : [03:46:46] [c] : asdasdasd
[LOG]<Thread:1>[03:46:46] : [03:46:46] [c] : asdas
[LOG]<Thread:1>[03:46:47] : [03:46:47] [c] : dsa
[LOG]<Thread:1>[03:46:47] : [03:46:47] [c] : d
[LOG]<Thread:1>[03:46:47] : [03:46:47] [c] : asd
[LOG]<Thread:1>[03:46:47] : [03:46:47] [c] : sd
[LOG]<Thread:1>[03:46:47] : [03:46:47] [c] : s
[LOG]<Thread:1>[03:46:47] : [03:46:47] [c] : dsd
[LOG]<Thread:1>[03:46:55] : [03:46:55] [TEST] : hello world
[LOG]<Thread:1>[03:46:59] : [03:46:59] [c] : hello world 2
[LOG]<Thread:1>[03:47:07] : [03:47:07] [TEST] : hi
[LOG]<Thread:1>[03:47:10] : [03:47:10] [c] : hello
[LOG]<Thread:1>[03:47:12] : Lobby 방 입장에 실패했습니다.
[LOG]<Thread:1>[03:47:17] : DefaultRoom [1] 방 입장에 성공했습니다.
[LOG]<Thread:1>[03:47:19] : [03:47:19] [TEST] : asd
[LOG]<Thread:1>[03:47:20] : [03:47:20] [c] : asdasdas
[LOG]<Thread:1>[03:47:35] : Lobby 방 입장에 실패했습니다.
[LOG]<Thread:1>[03:47:50] : DefaultRoom [1] 방 입장에 성공했습니다.
[LOG]<Thread:1>[03:47:51] : Lobby 방 입장에 실패했습니다.
[LOG]<Thread:1>[03:47:51] : DefaultRoom [2] 방 입장에 성공했습니다.
[LOG]<Thread:1>[03:47:52] : Lobby 방 입장에 실패했습니다.
[LOG]<Thread:1>[03:47:53] : DefaultRoom [5] 방 입장에 성공했습니다.
[LOG]<Thread:1>[03:47:53] : Lobby 방 입장에 실패했습니다.
[LOG]<Thread:1>[03:46:06] : ====================================================
[LOG]<Thread:1>[03:46:06] :  * Client Start [IP : 127.0.0.1] [PORT : 9199] * 
[LOG]<Thread:1>[03:46:06] : ====================================================
[LOG]<Thread:1>[03:46:06] : Connecting to server...
[LOG]<Thread:1>[03:46:06] : This client runs on a Direct X client.
[LOG]<Thread:3>[03:46:06] : Connect Complate
[LOG]<Thread:1>[03:46:14] : TEST 님이 접속하셨습니다.
[LOG]<Thread:1>[03:46:16] : 방 생성 성공
[LOG]<Thread:1>[03:46:16] : asd 방 입장에 성공했습니다.
[LOG]<Thread:1>[03:46:18] : [03:46:18] [TEST] : aaddadaad
[LOG]<Thread:1>[03:46:19] : [03:46:19] [TEST] : asdsada
[LOG]<Thread:1>[03:46:19] : [03:46:19] [TEST] : das
[LOG]<Thread:1>[03:46:20] : [03:46:20] [TEST] : das
[LOG]<Thread:1>[03:46:20] : [03:46:20] [TEST] : das
[LOG]<Thread:1>[03:46:20] : [03:46:20] [TEST] : d
[LOG]<Thread:1>[03:46:20] : [03:46:20] [TEST] : asd
[LOG]<Thread:1>[03:46:20] : [03:46:20] [TEST] : s
[LOG]<Thread:1>[03:46:20] : [03:46:20] [TEST] : das
[LOG]<Thread:1>[03:46:20] : [03:46:20] [TEST] : d
[LOG]<Thread:1>[03:46:21] : [03:46:21] [TEST] : a
[LOG]<Thread:1>[03:46:46] : [03:46:46] [c] : asdasdasd
[LOG]<Thread:1>[03:46:46] : [03:46:46] [c] : asdas
[LOG]<Thread:1>[03:46:47] : [03:46:47] [c] : dsa
[LOG]<Thread:1>[03:46:47] : [03:46:47] [c] : d
[LOG]<Thread:1>[03:46:47] : [03:46:47] [c] : asd
[LOG]<Thread:1>[03:46:47] : [03:46:47] [c] : sd
[LOG]<Thread:1>[03:46:47] : [03:46:47] [c] : s
[LOG]<Thread:1>[03:46:47] : [03:46:47] [c] : dsd
[LOG]<Thread:1>[03:46:55] : [03:46:55] [TEST] : hello world
[LOG]<Thread:1>[03:46:59] : [03:46:59] [c] : hello world 2
[LOG]<Thread:1>[03:47:07] : [03:47:07] [TEST] : hi
[LOG]<Thread:1>[03:47:10] : [03:47:10] [c] : hello
[LOG]<Thread:1>[03:47:13] : Lobby 방 입장에 실패했습니다.
[LOG]<Thread:1>[03:47:16] : DefaultRoom [1] 방 입장에 성공했습니다.
[LOG]<Thread:1>[03:47:19] : [03:47:19] [TEST] : asd
[LOG]<Thread:1>[03:47:20] : [03:47:20] [c] : asdasdas
[LOG]<Thread:1>[03:47:34] : Lobby 방 입장에 실패했습니다.
[LOG]<Thread:1>[03:50:27] : ====================================================
[LOG]<Thread:1>[03:50:27] :  * Client Start [IP : 127.0.0.1] [PORT : 9199] * 
[LOG]<Thread:1>[03:50:27] : ====================================================
[LOG]<Thread:1>[03:50:27] : Connecting to server...
[LOG]<Thread:1>[03:50:27] : This client runs on a Direct X client.
[LOG]<Thread:3>[03:50:27] : Connect Complate
[LOG]<Thread:1>[03:50:33] : 로그인 실패. [사유 : 해당 아이디는 이미 다른 컴퓨터에서 사용 중입니다.]
[LOG]<Thread:1>[03:51:28] : ====================================================
[LOG]<Thread:1>[03:51:28] :  * Client Start [IP : 127.0.0.1] [PORT : 9199] * 
[LOG]<Thread:1>[03:51:28] : ====================================================
[LOG]<Thread:1>[03:51:28] : Connecting to server...
[LOG]<Thread:1>[03:51:28] : This client runs on a Direct X client.
[LOG]<Thread:3>[03:51:28] : Connect Complate
[LOG]<Thread:1>[03:51:44] : TEST 님이 접속하셨습니다.
[LOG]<Thread:1>[03:53:37] : ====================================================
[LOG]<Thread:1>[03:53:37] :  * Client Start [IP : 127.0.0.1] [PORT : 9199] * 
[LOG]<Thread:1>[03:53:37] : ====================================================
[LOG]<Thread:1>[03:53:37] : Connecting to server...
[LOG]<Thread:1>[03:53:37] : This client runs on a Direct X client.
[LOG]<Thread:3>[03:53:37] : Connect Complate
[LOG]<Thread:1>[03:53:41] : TEST 님이 접속하셨습니다.
[LOG]<Thread:1>[03:53:51] : ====================================================
[LOG]<Thread:1>[03:53:51] :  * Client Start [IP : 127.0.0.1] [PORT : 9199] * 
[LOG]<Thread:1>[03:53:51] : ====================================================
[LOG]<Thread:1>[03:53:51] : Connecting to server...
[LOG]<Thread:1>[03:53:51] : This client runs on a Direct X client.
[LOG]<Thread:3>[03:53:51] : Connect Complate
[LOG]<Thread:1>[03:53:55] : 로그인 실패. [사유 : 해당 아이디는 이미 다른 컴퓨터에서 사용 중입니다.]
[LOG]<Thread:1>[03:53:44] : ====================================================
[LOG]<Thread:1>[03:53:44] :  * Client Start [IP : 127.0.0.1] [PORT : 9199] * 
[LOG]<Thread:1>[03:53:44] : ====================================================
[LOG]<Thread:1>[03:53:44] : Connecting to server...
[LOG]<Thread:1>[03:53:44] : This client runs on a Direct X client.
[LOG]<Thread:3>[03:53:44] : Connect Complate
[LOG]<Thread:1>[03:53:48] : TEST 님이 접속하셨습니다.
[LOG]<Thread:1>[04:10:16] : ====================================================
[LOG]<Thread:1>[04:10:16] :  * Client Start [IP : 127.0.0.1] [PORT : 9199] * 
[LOG]<Thread:1>[04:10:16] : ====================================================
[LOG]<Thread:1>[04:10:16] : Connecting to server...
[LOG]<Thread:1>[04:10:16] : This client runs on a Direct X client.
[LOG]<Thread:3>[04:10:16] : Connect Complate
[LOG]<Thread:1>[04:10:22] : 로그인 실패. [사유 : 해당 아이디는 이미 다른 컴퓨터에서 사용 중입니다.]
[LOG]<Thread:1>[04:10:32] : TEST2 님이 접속하셨습니다.
[LOG]<Thread:1>[04:10:43] : Room_a 방 입장에 성공했습니다.
[LOG]<Thread:1>[04:10:46] : [04:10:46] [TEST] : HIH
[LOG]<Thread:1>[04:10:49] : [04:10:49] [TEST2] : HIHI
[LOG]<Thread:1>[04:10:51] : Lobby 방 입장에 실패했습니다.
[LOG]<Thread:1>[04:11:14] : A 방 입장에 성공했습니다.
[LOG]<Thread:1>[04:11:17] : Lobby 방 입장에 실패했습니다.
[LOG]<Thread:1>[04:12:00] : DefaultRoom [1] 방 입장에 성공했습니다.
[LOG]<Thread:1>[04:12:04] : [04:12:04] [TEST] : asdasds
[LOG]<Thread:1>[04:12:06] : [04:12:06] [TEST2] : cascascsac
[LOG]<Thread:1>[04:12:09] : Lobby 방 입장에 실패했습니다.
[LOG]<Thread:1>[04:12:10] : DefaultRoom [2] 방 입장에 성공했습니다.
[LOG]<Thread:1>[04:12:15] : [04:12:15] [TEST2] : cascascascas
[LOG]<Thread:1>[04:12:15] : [04:12:15] [TEST2] : csa
[LOG]<Thread:1>[04:12:15] : [04:12:15] [TEST2] : c
[LOG]<Thread:1>[04:12:16] : [04:12:16] [TEST2] : as
[LOG]<Thread:1>[04:12:16] : [04:12:16] [TEST2] : cas
[LOG]<Thread:1>[04:12:16] : [04:12:16] [TEST2] : c
[LOG]<Thread:1>[04:12:16] : [04:12:16] [TEST2] : s
[LOG]<Thread:1>[04:10:09] : ====================================================
[LOG]<Thread:1>[04:10:09] :  * Client Start [IP : 127.0.0.1] [PORT : 9199] * 
[LOG]<Thread:1>[04:10:09] : ====================================================
[LOG]<Thread:1>[04:10:09] : Connecting to server...
[LOG]<Thread:1>[04:10:09] : This client runs on a Direct X client.
[LOG]<Thread:3>[04:10:09] : Connect Complate
[LOG]<Thread:1>[04:10:13] : TEST 님이 접속하셨습니다.
[LOG]<Thread:1>[04:10:39] : 방 생성 성공
[LOG]<Thread:1>[04:10:39] : Room_a 방 입장에 성공했습니다.
[LOG]<Thread:1>[04:10:46] : [04:10:46] [TEST] : HIH
[LOG]<Thread:1>[04:10:49] : [04:10:49] [TEST2] : HIHI
[LOG]<Thread:1>[04:10:50] : Lobby 방 입장에 실패했습니다.
[LOG]<Thread:1>[04:11:08] : 방 생성 성공
[LOG]<Thread:1>[04:11:08] : A 방 입장에 성공했습니다.
[LOG]<Thread:1>[04:11:10] : [04:11:10] [TEST] : aaaaaa
[LOG]<Thread:1>[04:11:16] : Lobby 방 입장에 실패했습니다.
[LOG]<Thread:1>[04:11:59] : DefaultRoom [1] 방 입장에 성공했습니다.
[LOG]<Thread:1>[04:12:04] : [04:12:04] [TEST] : asdasds
[LOG]<Thread:1>[04:12:06] : [04:12:06] [TEST2] : cascascsac
[LOG]<Thread:1>[04:12:12] : [04:12:12] [TEST] : asdasds
[LOG]<Thread:1>[04:12:12] : [04:12:12] [TEST] : das
[LOG]<Thread:1>[04:12:12] : [04:12:12] [TEST] : das
[LOG]<Thread:1>[04:12:12] : [04:12:12] [TEST] : das
[LOG]<Thread:1>[04:12:12] : [04:12:12] [TEST] : d
[LOG]<Thread:1>[04:12:13] : [04:12:13] [TEST] : as
[LOG]<Thread:1>[04:12:13] : [04:12:13] [TEST] : da
[LOG]<Thread:1>[04:12:14] : [04:12:14] [TEST] : sd
[LOG]<Thread:1>[04:13:20] : ====================================================
[LOG]<Thread:1>[04:13:20] :  * Client Start [IP : 127.0.0.1] [PORT : 9199] * 
[LOG]<Thread:1>[04:13:20] : ====================================================
[LOG]<Thread:1>[04:13:20] : Connecting to server...
[LOG]<Thread:1>[04:13:20] : This client runs on a Direct X client.
[LOG]<Thread:3>[04:13:20] : Connect Complate
[LOG]<Thread:1>[04:13:24] : TEST 님이 접속하셨습니다.
[LOG]<Thread:1>[04:13:33] : DefaultRoom [1] 방 입장에 성공했습니다.
[LOG]<Thread:1>[04:13:36] : Lobby 방 입장에 실패했습니다.
[LOG]<Thread:1>[04:18:40] : ====================================================
[LOG]<Thread:1>[04:18:40] :  * Client Start [IP : 127.0.0.1] [PORT : 9199] * 
[LOG]<Thread:1>[04:18:40] : ====================================================
[LOG]<Thread:1>[04:18:40] : Connecting to server...
[LOG]<Thread:1>[04:18:40] : This client runs on a Direct X client.
[LOG]<Thread:3>[04:18:40] : Connect Complate
[LOG]<Thread:1>[04:18:54] : 로그인 실패. [사유 : 아이디 또는 비밀번호를 확인해주세요.]
[LOG]<Thread:1>[04:19:28] : ====================================================
[LOG]<Thread:1>[04:19:28] :  * Client Start [IP : 127.0.0.1] [PORT : 9199] * 
[LOG]<Thread:1>[04:19:28] : ====================================================
[LOG]<Thread:1>[04:19:28] : Connecting to server...
[LOG]<Thread:1>[04:19:28] : This client runs on a Direct X client.
[LOG]<Thread:3>[04:19:28] : Connect Complate
[LOG]<Thread:1>[04:19:34] : TEST 님이 접속하셨습니다.
[LOG]<Thread:1>[04:19:37] : 방 생성 성공
[LOG]<Thread:1>[04:19:37] : asdsad 방 입장에 성공했습니다.
[LOG]<Thread:1>[04:19:51] : ====================================================
[LOG]<Thread:1>[04:19:51] :  * Client Start [IP : 127.0.0.1] [PORT : 9199] * 
[LOG]<Thread:1>[04:19:51] : ====================================================
[LOG]<Thread:1>[04:19:51] : Connecting to server...
[LOG]<Thread:1>[04:19:51] : This client runs on a Direct X client.
[LOG]<Thread:3>[04:19:51] : Connect Complate
[LOG]<Thread:1>[04:19:57] : TEST 님이 접속하셨습니다.
[LOG]<Thread:1>[04:20:00] : 방 생성 성공
[LOG]<Thread:1>[04:20:00] : AA 방 입장에 성공했습니다.
[LOG]<Thread:1>[04:20:03] : Lobby 방 입장에 실패했습니다.
[LOG]<Thread:1>[04:20:42] : ====================================================
[LOG]<Thread:1>[04:20:42] :  * Client Start [IP : 127.0.0.1] [PORT : 9199] * 
[LOG]<Thread:1>[04:20:42] : ====================================================
[LOG]<Thread:1>[04:20:42] : Connecting to server...
[LOG]<Thread:1>[04:20:42] : This client runs on a Direct X client.
[LOG]<Thread:3>[04:20:42] : Connect Complate
[LOG]<Thread:1>[04:20:47] : ====================================================
[LOG]<Thread:1>[04:20:47] :  * Client Start [IP : 127.0.0.1] [PORT : 9199] * 
[LOG]<Thread:1>[04:20:47] : ====================================================
[LOG]<Thread:1>[04:20:47] : Connecting to server...
[LOG]<Thread:1>[04:20:47] : This client runs on a Direct X client.
[LOG]<Thread:3>[04:20:47] : Connect Complate
[LOG]<Thread:1>[04:20:56] : TEST 님이 접속하셨습니다.
[LOG]<Thread:1>[04:21:48] : ====================================================
[LOG]<Thread:1>[04:21:48] :  * Client Start [IP : 127.0.0.1] [PORT : 9199] * 
[LOG]<Thread:1>[04:21:48] : ====================================================
[LOG]<Thread:1>[04:21:48] : Connecting to server...
[LOG]<Thread:1>[04:21:48] : This client runs on a Direct X client.
[LOG]<Thread:3>[04:21:49] : Connect Failed
[LOG]<Thread:1>[04:30:00] : ====================================================
[LOG]<Thread:1>[04:30:00] :  * Client Start [IP : 127.0.0.1] [PORT : 9199] * 
[LOG]<Thread:1>[04:30:00] : ====================================================
[LOG]<Thread:1>[04:30:00] : Connecting to server...
[LOG]<Thread:1>[04:30:00] : This client runs on a Direct X client.
[LOG]<Thread:3>[04:30:01] : Connect Failed
[LOG]<Thread:1>[04:30:47] : ====================================================
[LOG]<Thread:1>[04:30:47] :  * Client Start [IP : 127.0.0.1] [PORT : 9199] * 
[LOG]<Thread:1>[04:30:47] : ====================================================
[LOG]<Thread:1>[04:30:47] : Connecting to server...
[LOG]<Thread:1>[04:30:47] : This client runs on a Direct X client.
[LOG]<Thread:3>[04:30:47] : Connect Complate
[LOG]<Thread:1>[04:30:58] : 로그인 실패. [사유 : 해당 아이디는 이미 다른 컴퓨터에서 사용 중입니다.]
[LOG]<Thread:1>[04:31:06] : 회원가입 성공
[LOG]<Thread:1>[04:31:06] : 회원가입에 성공했습니다.
[LOG]<Thread:1>[04:31:12] : c2 님이 접속하셨습니다.
[LOG]<Thread:1>[04:31:13] : DefaultRoom [1] 방 입장에 성공했습니다.
[LOG]<Thread:1>[04:31:16] : [04:31:16] [c2] : HIHI
[LOG]<Thread:1>[04:31:19] : [04:31:19] [c] : asdasdasd
[LOG]<Thread:1>[04:31:19] : [04:31:19] [c] : sda
[LOG]<Thread:1>[04:31:19] : [04:31:19] [c] : asd
[LOG]<Thread:1>[04:31:20] : [04:31:20] [c] : 
[LOG]<Thread:1>[04:31:20] : [04:31:20] [c] : ads
[LOG]<Thread:1>[04:31:20] : [04:31:20] [c] : asd
[LOG]<Thread:1>[04:31:20] : [04:31:20] [c] : das
[LOG]<Thread:1>[04:31:20] : [04:31:20] [c] : asd
[LOG]<Thread:1>[04:31:20] : [04:31:20] [c] : asd
[LOG]<Thread:1>[04:31:20] : [04:31:20] [c] : asd
[LOG]<Thread:1>[04:31:20] : [04:31:20] [c] : asd
[LOG]<Thread:1>[04:31:21] : [04:31:21] [c] : asd
[LOG]<Thread:1>[04:31:21] : [04:31:21] [c] : asd
[LOG]<Thread:1>[04:31:21] : [04:31:21] [c] : a
[LOG]<Thread:1>[04:31:21] : [04:31:21] [c] : sd
[LOG]<Thread:1>[04:31:21] : [04:31:21] [c] : asd
[LOG]<Thread:1>[04:31:21] : [04:31:21] [c] : asd
[LOG]<Thread:1>[04:31:21] : [04:31:21] [c] : ads
[LOG]<Thread:1>[04:31:21] : [04:31:21] [c] : asd
[LOG]<Thread:1>[04:31:22] : [04:31:22] [c] : asd
[LOG]<Thread:1>[04:31:22] : [04:31:22] [c] : 
[LOG]<Thread:1>[04:31:31] : [04:31:31] [c2] : sad
[LOG]<Thread:1>[04:31:32] : [04:31:32] [c2] : asd
[LOG]<Thread:1>[04:31:32] : [04:31:32] [c2] : asd
[LOG]<Thread:1>[04:31:33] : [04:31:33] [c2] : asd
[LOG]<Thread:1>[04:31:33] : [04:31:33] [c2] : asd
[LOG]<Thread:1>[04:31:33] : [04:31:33] [c2] : asd
[LOG]<Thread:1>[04:31:33] : [04:31:33] [c2] : asd
[LOG]<Thread:1>[04:31:34] : [04:31:34] [c2] : as
[LOG]<Thread:1>[04:31:34] : [04:31:34] [c2] : das
[LOG]<Thread:1>[04:31:34] : [04:31:34] [c2] : da
[LOG]<Thread:1>[04:31:34] : [04:31:34] [c2] : sd
[LOG]<Thread:1>[04:30:22] : ====================================================
[LOG]<Thread:1>[04:30:22] :  * Client Start [IP : 127.0.0.1] [PORT : 9199] * 
[LOG]<Thread:1>[04:30:22] : ====================================================
[LOG]<Thread:1>[04:30:22] : Connecting to server...
[LOG]<Thread:1>[04:30:22] : This client runs on a Direct X client.
[LOG]<Thread:3>[04:30:22] : Connect Complate
[LOG]<Thread:1>[04:30:29] : c 님이 접속하셨습니다.
[LOG]<Thread:1>[04:30:38] : DefaultRoom [1] 방 입장에 성공했습니다.
[LOG]<Thread:1>[04:30:40] : [04:30:40] [c] : sdasdsd
[LOG]<Thread:1>[04:31:16] : [04:31:16] [c2] : HIHI
[LOG]<Thread:1>[04:31:19] : [04:31:19] [c] : asdasdasd
[LOG]<Thread:1>[04:31:19] : [04:31:19] [c] : sda
[LOG]<Thread:1>[04:31:19] : [04:31:19] [c] : asd
[LOG]<Thread:1>[04:31:20] : [04:31:20] [c] : 
[LOG]<Thread:1>[04:31:20] : [04:31:20] [c] : ads
[LOG]<Thread:1>[04:31:20] : [04:31:20] [c] : asd
[LOG]<Thread:1>[04:31:20] : [04:31:20] [c] : das
[LOG]<Thread:1>[04:31:20] : [04:31:20] [c] : asd
[LOG]<Thread:1>[04:31:20] : [04:31:20] [c] : asd
[LOG]<Thread:1>[04:31:20] : [04:31:20] [c] : asd
[LOG]<Thread:1>[04:31:20] : [04:31:20] [c] : asd
[LOG]<Thread:1>[04:31:21] : [04:31:21] [c] : asd
[LOG]<Thread:1>[04:31:21] : [04:31:21] [c] : asd
[LOG]<Thread:1>[04:31:21] : [04:31:21] [c] : a
[LOG]<Thread:1>[04:31:21] : [04:31:21] [c] : sd
[LOG]<Thread:1>[04:31:21] : [04:31:21] [c] : asd
[LOG]<Thread:1>[04:31:21] : [04:31:21] [c] : asd
[LOG]<Thread:1>[04:31:21] : [04:31:21] [c] : ads
[LOG]<Thread:1>[04:31:21] : [04:31:21] [c] : asd
[LOG]<Thread:1>[04:31:22] : [04:31:22] [c] : asd
[LOG]<Thread:1>[04:31:22] : [04:31:22] [c] : 
[LOG]<Thread:1>[04:31:31] : [04:31:31] [c2] : sad
[LOG]<Thread:1>[04:31:32] : [04:31:32] [c2] : asd
[LOG]<Thread:1>[04:31:32] : [04:31:32] [c2] : asd
[LOG]<Thread:1>[04:31:33] : [04:31:33] [c2] : asd
[LOG]<Thread:1>[04:31:33] : [04:31:33] [c2] : asd
[LOG]<Thread:1>[04:31:33] : [04:31:33] [c2] : asd
[LOG]<Thread:1>[04:31:33] : [04:31:33] [c2] : asd
[LOG]<Thread:1>[04:31:34] : [04:31:34] [c2] : as
[LOG]<Thread:1>[04:31:34] : [04:31:34] [c2] : das
[LOG]<Thread:1>[04:31:34] : [04:31:34] [c2] : da
[LOG]<Thread:1>[04:31:34] : [04:31:34] [c2] : sd
[LOG]<Thread:1>[04:46:30] : ====================================================
[LOG]<Thread:1>[04:46:30] :  * Client Start [IP : 127.0.0.1] [PORT : 9199] * 
[LOG]<Thread:1>[04:46:30] : ====================================================
[LOG]<Thread:1>[04:46:30] : Connecting to server...
[LOG]<Thread:1>[04:46:30] : This client runs on a Direct X client.
[LOG]<Thread:3>[04:46:30] : Connect Complate
[LOG]<Thread:1>[04:46:35] : TEST 님이 접속하셨습니다.
[LOG]<Thread:1>[04:46:36] : DefaultRoom [1] 방 입장에 성공했습니다.
[LOG]<Thread:1>[04:46:38] : [04:46:38] [TEST] : asd
[LOG]<Thread:1>[04:46:38] : [04:46:38] [TEST] : asd
[LOG]<Thread:1>[04:46:38] : [04:46:38] [TEST] : as
[LOG]<Thread:1>[04:46:38] : [04:46:38] [TEST] : da
[LOG]<Thread:1>[04:46:38] : [04:46:38] [TEST] : sd
[LOG]<Thread:1>[04:46:38] : [04:46:38] [TEST] : sa
[LOG]<Thread:1>[04:46:39] : [04:46:39] [TEST] : das
[LOG]<Thread:1>[04:46:39] : [04:46:39] [TEST] : d
[LOG]<Thread:1>[04:46:39] : [04:46:39] [TEST] : as
[LOG]<Thread:1>[04:46:39] : [04:46:39] [TEST] : d
[LOG]<Thread:1>[04:46:39] : [04:46:39] [TEST] : asd
[LOG]<Thread:1>[04:46:39] : [04:46:39] [TEST] : as
[LOG]<Thread:1>[04:46:39] : [04:46:39] [TEST] : d
[LOG]<Thread:1>[04:46:39] : [04:46:39] [TEST] : asd
[LOG]<Thread:1>[04:46:40] : [04:46:40] [TEST] : as
[LOG]<Thread:1>[04:46:40] : [04:46:40] [TEST] : d
[LOG]<Thread:1>[04:46:40] : [04:46:40] [TEST] : asd
[LOG]<Thread:1>[04:46:40] : [04:46:40] [TEST] : as
[LOG]<Thread:1>[04:46:40] : [04:46:40] [TEST] : das
[LOG]<Thread:1>[04:46:40] : [04:46:40] [TEST] : d
[LOG]<Thread:1>[04:46:40] : [04:46:40] [TEST] : asd
[LOG]<Thread:1>[04:46:40] : [04:46:40] [TEST] : as
[LOG]<Thread:1>[04:46:41] : [04:46:41] [TEST] : das
[LOG]<Thread:1>[04:46:41] : [04:46:41] [TEST] : d
[LOG]<Thread:1>[04:46:41] : [04:46:41] [TEST] : asd
[LOG]<Thread:1>[04:46:41] : [04:46:41] [TEST] : 
[LOG]<Thread:1>[04:46:41] : [04:46:41] [TEST] : 
[LOG]<Thread:1>[04:46:42] : [04:46:42] [TEST] : as
[LOG]<Thread:1>[04:46:42] : [04:46:42] [TEST] : das
[LOG]<Thread:1>[04:46:42] : [04:46:42] [TEST] : das
[LOG]<Thread:1>[04:46:42] : [04:46:42] [TEST] : d
[LOG]<Thread:1>[04:46:42] : [04:46:42] [TEST] : asd
[LOG]<Thread:1>[04:46:42] : [04:46:42] [TEST] : sa
[LOG]<Thread:1>[04:46:42] : [04:46:42] [TEST] : d
[LOG]<Thread:1>[04:46:42] : [04:46:42] [TEST] : asd
[LOG]<Thread:1>[04:46:43] : [04:46:43] [TEST] : as
[LOG]<Thread:1>[04:46:43] : [04:46:43] [TEST] : d
[LOG]<Thread:1>[04:46:43] : [04:46:43] [TEST] : sad
[LOG]<Thread:1>[04:46:43] : [04:46:43] [TEST] : as
[LOG]<Thread:1>[04:46:43] : [04:46:43] [TEST] : das
[LOG]<Thread:1>[04:46:43] : [04:46:43] [TEST] : d
[LOG]<Thread:1>[04:46:43] : [04:46:43] [TEST] : as
[LOG]<Thread:1>[04:46:44] : [04:46:44] [TEST] : das
[LOG]<Thread:1>[04:46:44] : [04:46:44] [TEST] : d
[LOG]<Thread:1>[04:46:44] : [04:46:44] [TEST] : asd
[LOG]<Thread:1>[04:46:44] : [04:46:44] [TEST] : sa
[LOG]<Thread:1>[04:46:44] : [04:46:44] [TEST] : d
[LOG]<Thread:1>[04:46:44] : [04:46:44] [TEST] : sa
[LOG]<Thread:1>[04:46:44] : [04:46:44] [TEST] : das
[LOG]<Thread:1>[04:46:45] : [04:46:45] [TEST] : d
[LOG]<Thread:1>[04:46:45] : [04:46:45] [TEST] : asd
[LOG]<Thread:1>[04:46:45] : [04:46:45] [TEST] : as
[LOG]<Thread:1>[04:46:45] : [04:46:45] [TEST] : das
[LOG]<Thread:1>[04:46:45] : [04:46:45] [TEST] : d
[LOG]<Thread:1>[04:46:45] : [04:46:45] [TEST] : asd
[LOG]<Thread:1>[04:46:45] : [04:46:45] [TEST] : as
[LOG]<Thread:1>[04:46:46] : [04:46:46] [TEST] : d
[LOG]<Thread:1>[04:46:46] : [04:46:46] [TEST] : sa
[LOG]<Thread:1>[04:46:46] : [04:46:46] [TEST] : d
[LOG]<Thread:1>[04:46:46] : [04:46:46] [TEST] : asd
[LOG]<Thread:1>[04:46:46] : [04:46:46] [TEST] : as
[LOG]<Thread:1>[04:46:46] : [04:46:46] [TEST] : dsa
[LOG]<Thread:1>[04:46:46] : [04:46:46] [TEST] : d
[LOG]<Thread:1>[04:46:47] : [04:46:47] [TEST] : asd
[LOG]<Thread:1>[04:46:47] : [04:46:47] [TEST] : as
[LOG]<Thread:1>[04:46:47] : [04:46:47] [TEST] : dsa
[LOG]<Thread:1>[04:46:47] : [04:46:47] [TEST] : d
[LOG]<Thread:1>[04:46:47] : [04:46:47] [TEST] : as
[LOG]<Thread:1>[04:46:47] : [04:46:47] [TEST] : das
[LOG]<Thread:1>[04:46:47] : [04:46:47] [TEST] : d
[LOG]<Thread:1>[04:46:48] : [04:46:48] [TEST] : sa
[LOG]<Thread:1>[04:46:48] : [04:46:48] [TEST] : ds
[LOG]<Thread:1>[04:46:48] : [04:46:48] [TEST] : ad
[LOG]<Thread:1>[04:46:48] : [04:46:48] [TEST] : as
[LOG]<Thread:1>[04:46:48] : [04:46:48] [TEST] : d
[LOG]<Thread:1>[04:46:48] : [04:46:48] [TEST] : 
[LOG]<Thread:1>[04:46:50] : [04:46:50] [TEST] : LOG
[LOG]<Thread:1>[04:46:54] : [04:46:54] [TEST] : asdawsdsdasd
[LOG]<Thread:1>[05:22:03] : ====================================================
[LOG]<Thread:1>[05:22:03] :  * Client Start [IP : 127.0.0.1] [PORT : 9199] * 
[LOG]<Thread:1>[05:22:03] : ====================================================
[LOG]<Thread:1>[05:22:03] : Connecting to server...
[LOG]<Thread:1>[05:22:03] : This client runs on a Direct X client.
[LOG]<Thread:3>[05:22:03] : Connect Complate
[LOG]<Thread:1>[05:22:21] : 회원가입 성공
[LOG]<Thread:1>[05:22:21] : 회원가입에 성공했습니다.
[LOG]<Thread:1>[05:22:28] : abc 님이 접속하셨습니다.
[LOG]<Thread:1>[05:22:41] : 방 생성 성공
[LOG]<Thread:1>[05:22:41] : aaa 방 입장에 성공했습니다.
[LOG]<Thread:1>[05:22:42] : Lobby 방 입장에 실패했습니다.
[LOG]<Thread:1>[05:23:41] : ====================================================
[LOG]<Thread:1>[05:23:41] :  * Client Start [IP : 127.0.0.1] [PORT : 9199] * 
[LOG]<Thread:1>[05:23:41] : ====================================================
[LOG]<Thread:1>[05:23:41] : Connecting to server...
[LOG]<Thread:1>[05:23:41] : This client runs on a Direct X client.
[LOG]<Thread:3>[05:23:42] : Connect Failed
[LOG]<Thread:1>[05:23:51] : ====================================================
[LOG]<Thread:1>[05:23:51] :  * Client Start [IP : 127.0.0.1] [PORT : 9199] * 
[LOG]<Thread:1>[05:23:51] : ====================================================
[LOG]<Thread:1>[05:23:51] : Connecting to server...
[LOG]<Thread:1>[05:23:51] : This client runs on a Direct X client.
[LOG]<Thread:3>[05:23:51] : Connect Complate
[LOG]<Thread:1>[05:23:55] : abc 님이 접속하셨습니다.
[LOG]<Thread:1>[05:24:10] : 방 생성 성공
[LOG]<Thread:1>[05:24:10] : ABC 방 입장에 성공했습니다.
[LOG]<Thread:1>[05:24:12] : [05:24:12] [abc] : ADSD
[LOG]<Thread:1>[05:24:12] : [05:24:12] [abc] : asd
[LOG]<Thread:1>[05:24:12] : [05:24:12] [abc] : asd
[LOG]<Thread:1>[05:24:13] : [05:24:13] [abc] : sad
[LOG]<Thread:1>[05:24:13] : [05:24:13] [abc] : s
[LOG]<Thread:1>[05:24:13] : [05:24:13] [abc] : d
[LOG]<Thread:1>[05:24:15] : [05:24:15] [abc] : sINTIWERN
[LOG]<Thread:1>[05:24:16] : [05:24:16] [abc] : asdas
[LOG]<Thread:1>[05:24:16] : [05:24:16] [abc] : zxc
[LOG]<Thread:1>[05:24:17] : [05:24:17] [abc] : cvb
[LOG]<Thread:1>[05:24:17] : [05:24:17] [abc] : sadf
[LOG]<Thread:1>[05:24:17] : [05:24:17] [abc] : s
[LOG]<Thread:1>[05:24:17] : [05:24:17] [abc] : f
[LOG]<Thread:1>[05:24:17] : [05:24:17] [abc] : we
[LOG]<Thread:1>[05:24:17] : [05:24:17] [abc] : rfew
[LOG]<Thread:1>[05:24:18] : [05:24:18] [abc] : 
[LOG]<Thread:1>[05:24:18] : [05:24:18] [abc] : vsd
[LOG]<Thread:1>[05:24:18] : [05:24:18] [abc] : v
[LOG]<Thread:1>[05:24:18] : [05:24:18] [abc] : 
[LOG]<Thread:1>[05:24:18] : [05:24:18] [abc] : ds
[LOG]<Thread:1>[05:24:18] : [05:24:18] [abc] : v
[LOG]<Thread:1>[05:24:19] : [05:24:19] [abc] : xc
[LOG]<Thread:1>[05:24:19] : [05:24:19] [abc] : v
[LOG]<Thread:1>[05:24:19] : [05:24:19] [abc] : r
[LOG]<Thread:1>[05:24:19] : [05:24:19] [abc] : v
[LOG]<Thread:1>[05:24:19] : [05:24:19] [abc] : trb
[LOG]<Thread:1>[05:24:19] : [05:24:19] [abc] : rt
[LOG]<Thread:1>[05:24:20] : [05:24:20] [abc] : y
[LOG]<Thread:1>[05:24:20] : [05:24:20] [abc] : h
[LOG]<Thread:1>[05:24:20] : [05:24:20] [abc] : yrt
[LOG]<Thread:1>[05:24:20] : [05:24:20] [abc] : uj
[LOG]<Thread:1>[05:24:20] : [05:24:20] [abc] : yt
[LOG]<Thread:1>[05:24:21] : [05:24:21] [abc] : i
[LOG]<Thread:1>[05:24:21] : [05:24:21] [abc] : fg
[LOG]<Thread:1>[05:24:21] : [05:24:21] [abc] : yhfg
[LOG]<Thread:1>[05:24:21] : [05:24:21] [abc] : h
[LOG]<Thread:1>[05:24:21] : [05:24:21] [abc] : fd
[LOG]<Thread:1>[05:24:22] : [05:24:22] [abc] : g
[LOG]<Thread:1>[05:24:22] : [05:24:22] [abc] : fsd
[LOG]<Thread:1>[05:24:22] : [05:24:22] [abc] : fs
[LOG]<Thread:1>[05:24:22] : [05:24:22] [abc] : df
[LOG]<Thread:1>[05:24:22] : [05:24:22] [abc] : as
[LOG]<Thread:1>[05:24:22] : [05:24:22] [abc] : c
[LOG]<Thread:1>[05:24:23] : [05:24:23] [abc] : aw
[LOG]<Thread:1>[05:24:23] : [05:24:23] [abc] : cz
[LOG]<Thread:1>[05:24:23] : [05:24:23] [abc] : 
[LOG]<Thread:1>[05:24:24] : [05:24:24] [abc] : dw
[LOG]<Thread:1>[05:24:27] : [05:24:27] [abc] : Good~
[LOG]<Thread:1>[05:24:28] : Lobby 방 입장에 실패했습니다.
[LOG]<Thread:1>[05:26:48] : ====================================================
[LOG]<Thread:1>[05:26:48] :  * Client Start [IP : 127.0.0.1] [PORT : 9199] * 
[LOG]<Thread:1>[05:26:48] : ====================================================
[LOG]<Thread:1>[05:26:48] : Connecting to server...
[LOG]<Thread:1>[05:26:48] : This client runs on a Direct X client.
[LOG]<Thread:3>[05:26:49] : Connect Failed
[LOG]<Thread:1>[05:27:15] : ====================================================
[LOG]<Thread:1>[05:27:15] :  * Client Start [IP : 127.0.0.1] [PORT : 9199] * 
[LOG]<Thread:1>[05:27:15] : ====================================================
[LOG]<Thread:1>[05:27:15] : Connecting to server...
[LOG]<Thread:1>[05:27:15] : This client runs on a Direct X client.
[LOG]<Thread:3>[05:27:15] : Connect Complate
[LOG]<Thread:1>[05:27:17] : abc 님이 접속하셨습니다.
[LOG]<Thread:1>[05:27:41] : ====================================================
[LOG]<Thread:1>[05:27:41] :  * Client Start [IP : 127.0.0.1] [PORT : 9199] * 
[LOG]<Thread:1>[05:27:41] : ====================================================
[LOG]<Thread:1>[05:27:41] : Connecting to server...
[LOG]<Thread:1>[05:27:41] : This client runs on a Direct X client.
[LOG]<Thread:3>[05:27:42] : Connect Failed
[LOG]<Thread:1>[05:27:48] : ====================================================
[LOG]<Thread:1>[05:27:48] :  * Client Start [IP : 127.0.0.1] [PORT : 9199] * 
[LOG]<Thread:1>[05:27:48] : ====================================================
[LOG]<Thread:1>[05:27:48] : Connecting to server...
[LOG]<Thread:1>[05:27:48] : This client runs on a Direct X client.
[LOG]<Thread:3>[05:27:48] : Connect Complate
[LOG]<Thread:1>[05:27:51] : abc 님이 접속하셨습니다.
[LOG]<Thread:1>[07:18:36] : ====================================================
[LOG]<Thread:1>[07:18:36] :  * Client Start [IP : 127.0.0.1] [PORT : 9199] * 
[LOG]<Thread:1>[07:18:36] : ====================================================
[LOG]<Thread:1>[07:18:36] : Connecting to server...
[LOG]<Thread:1>[07:18:36] : This client runs on a Direct X client.
[LOG]<Thread:3>[07:18:37] : Connect Failed
[LOG]<Thread:1>[07:20:51] : ====================================================
[LOG]<Thread:1>[07:20:51] :  * Client Start [IP : 127.0.0.1] [PORT : 9199] * 
[LOG]<Thread:1>[07:20:51] : ====================================================
[LOG]<Thread:1>[07:20:51] : Connecting to server...
[LOG]<Thread:1>[07:20:51] : This client runs on a Direct X client.
[LOG]<Thread:3>[07:20:52] : Connect Failed
[LOG]<Thread:1>[07:21:31] : ====================================================
[LOG]<Thread:1>[07:21:31] :  * Client Start [IP : 127.0.0.1] [PORT : 9199] * 
[LOG]<Thread:1>[07:21:31] : ====================================================
[LOG]<Thread:1>[07:21:31] : Connecting to server...
[LOG]<Thread:1>[07:21:31] : This client runs on a Direct X client.
[LOG]<Thread:3>[07:21:32] : Connect Failed
[LOG]<Thread:1>[07:23:24] : ====================================================
[LOG]<Thread:1>[07:23:24] :  * Client Start [IP : 127.0.0.1] [PORT : 9199] * 
[LOG]<Thread:1>[07:23:24] : ====================================================
[LOG]<Thread:1>[07:23:24] : Connecting to server...
[LOG]<Thread:1>[07:23:24] : This client runs on a Direct X client.
[LOG]<Thread:3>[07:23:25] : Connect Failed
[LOG]<Thread:1>[07:23:40] : ====================================================
[LOG]<Thread:1>[07:23:40] :  * Client Start [IP : 127.0.0.1] [PORT : 9199] * 
[LOG]<Thread:1>[07:23:40] : ====================================================
[LOG]<Thread:1>[07:23:40] : Connecting to server...
[LOG]<Thread:1>[07:23:40] : This client runs on a Direct X client.
[LOG]<Thread:3>[07:23:41] : Connect Failed
[LOG]<Thread:1>[07:25:52] : ====================================================
[LOG]<Thread:1>[07:25:52] :  * Client Start [IP : 127.0.0.1] [PORT : 9199] * 
[LOG]<Thread:1>[07:25:52] : ====================================================
[LOG]<Thread:1>[07:25:52] : Connecting to server...
[LOG]<Thread:1>[07:25:52] : This client runs on a Direct X client.
[LOG]<Thread:3>[07:25:53] : Connect Failed
[LOG]<Thread:1>[07:26:03] : ====================================================
[LOG]<Thread:1>[07:26:03] :  * Client Start [IP : 127.0.0.1] [PORT : 9199] * 
[LOG]<Thread:1>[07:26:03] : ====================================================
[LOG]<Thread:1>[07:26:03] : Connecting to server...
[LOG]<Thread:1>[07:26:03] : This client runs on a Direct X client.
[LOG]<Thread:3>[07:26:04] : Connect Failed
[LOG]<Thread:1>[07:26:12] : ====================================================
[LOG]<Thread:1>[07:26:12] :  * Client Start [IP : 127.0.0.1] [PORT : 9199] * 
[LOG]<Thread:1>[07:26:12] : ====================================================
[LOG]<Thread:1>[07:26:12] : Connecting to server...
[LOG]<Thread:1>[07:26:12] : This client runs on a Direct X client.
[LOG]<Thread:3>[07:26:13] : Connect Failed
[LOG]<Thread:1>[07:26:34] : ====================================================
[LOG]<Thread:1>[07:26:34] :  * Client Start [IP : 127.0.0.1] [PORT : 9199] * 
[LOG]<Thread:1>[07:26:34] : ====================================================
[LOG]<Thread:1>[07:26:34] : Connecting to server...
[LOG]<Thread:1>[07:26:34] : This client runs on a Direct X client.
[LOG]<Thread:3>[07:26:35] : Connect Failed
[LOG]<Thread:1>[07:27:50] : ====================================================
[LOG]<Thread:1>[07:27:50] :  * Client Start [IP : 127.0.0.1] [PORT : 9199] * 
[LOG]<Thread:1>[07:27:50] : ====================================================
[LOG]<Thread:1>[07:27:50] : Connecting to server...
[LOG]<Thread:1>[07:27:50] : This client runs on a Direct X client.
[LOG]<Thread:3>[07:27:51] : Connect Failed
[LOG]<Thread:1>[07:28:21] : ====================================================
[LOG]<Thread:1>[07:28:21] :  * Client Start [IP : 127.0.0.1] [PORT : 9199] * 
[LOG]<Thread:1>[07:28:21] : ====================================================
[LOG]<Thread:1>[07:28:21] : Connecting to server...
[LOG]<Thread:1>[07:28:21] : This client runs on a Direct X client.
[LOG]<Thread:3>[07:28:22] : Connect Failed
[LOG]<Thread:1>[07:28:38] : ====================================================
[LOG]<Thread:1>[07:28:38] :  * Client Start [IP : 127.0.0.1] [PORT : 9199] * 
[LOG]<Thread:1>[07:28:38] : ====================================================
[LOG]<Thread:1>[07:28:38] : Connecting to server...
[LOG]<Thread:1>[07:28:38] : This client runs on a Direct X client.
[LOG]<Thread:3>[07:28:39] : Connect Failed
[LOG]<Thread:1>[07:29:02] : ====================================================
[LOG]<Thread:1>[07:29:02] :  * Client Start [IP : 127.0.0.1] [PORT : 9199] * 
[LOG]<Thread:1>[07:29:02] : ====================================================
[LOG]<Thread:1>[07:29:02] : Connecting to server...
[LOG]<Thread:1>[07:29:02] : This client runs on a Direct X client.
[LOG]<Thread:3>[07:29:03] : Connect Failed
[LOG]<Thread:1>[07:32:08] : ====================================================
[LOG]<Thread:1>[07:32:08] :  * Client Start [IP : 127.0.0.1] [PORT : 9199] * 
[LOG]<Thread:1>[07:32:08] : ====================================================
[LOG]<Thread:1>[07:32:08] : Connecting to server...
[LOG]<Thread:1>[07:32:08] : This client runs on a Direct X client.
[LOG]<Thread:3>[07:32:09] : Connect Failed
[LOG]<Thread:1>[07:42:41] : ====================================================
[LOG]<Thread:1>[07:42:41] :  * Client Start [IP : 127.0.0.1] [PORT : 9199] * 
[LOG]<Thread:1>[07:42:41] : ====================================================
[LOG]<Thread:1>[07:42:41] : Connecting to server...
[LOG]<Thread:1>[07:42:41] : This client runs on a Direct X client.
[LOG]<Thread:3>[07:42:42] : Connect Failed
[LOG]<Thread:1>[07:45:39] : ====================================================
[LOG]<Thread:1>[07:45:39] :  * Client Start [IP : 127.0.0.1] [PORT : 9199] * 
[LOG]<Thread:1>[07:45:39] : ====================================================
[LOG]<Thread:1>[07:45:39] : Connecting to server...
[LOG]<Thread:1>[07:45:39] : This client runs on a Direct X client.
[LOG]<Thread:3>[07:45:40] : Connect Failed
[LOG]<Thread:1>[07:45:55] : ====================================================
[LOG]<Thread:1>[07:45:55] :  * Client Start [IP : 127.0.0.1] [PORT : 9199] * 
[LOG]<Thread:1>[07:45:55] : ====================================================
[LOG]<Thread:1>[07:45:55] : Connecting to server...
[LOG]<Thread:1>[07:45:55] : This client runs on a Direct X client.
[LOG]<Thread:3>[07:45:56] : Connect Failed
[LOG]<Thread:1>[07:47:26] : ====================================================
[LOG]<Thread:1>[07:47:26] :  * Client Start [IP : 127.0.0.1] [PORT : 9199] * 
[LOG]<Thread:1>[07:47:26] : ====================================================
[LOG]<Thread:1>[07:47:26] : Connecting to server...
[LOG]<Thread:1>[07:47:26] : This client runs on a Direct X client.
[LOG]<Thread:3>[07:47:27] : Connect Failed
[LOG]<Thread:1>[07:48:31] : ====================================================
[LOG]<Thread:1>[07:48:31] :  * Client Start [IP : 127.0.0.1] [PORT : 9199] * 
[LOG]<Thread:1>[07:48:31] : ====================================================
[LOG]<Thread:1>[07:48:31] : Connecting to server...
[LOG]<Thread:1>[07:48:31] : This client runs on a Direct X client.
[LOG]<Thread:3>[07:48:32] : Connect Failed
[LOG]<Thread:1>[07:49:38] : ====================================================
[LOG]<Thread:1>[07:49:38] :  * Client Start [IP : 127.0.0.1] [PORT : 9199] * 
[LOG]<Thread:1>[07:49:38] : ====================================================
[LOG]<Thread:1>[07:49:38] : Connecting to server...
[LOG]<Thread:1>[07:49:38] : This client runs on a Direct X client.
[LOG]<Thread:3>[07:49:39] : Connect Failed
[LOG]<Thread:1>[07:50:19] : ====================================================
[LOG]<Thread:1>[07:50:19] :  * Client Start [IP : 127.0.0.1] [PORT : 9199] * 
[LOG]<Thread:1>[07:50:19] : ====================================================
[LOG]<Thread:1>[07:50:19] : Connecting to server...
[LOG]<Thread:1>[07:50:19] : This client runs on a Direct X client.
[LOG]<Thread:3>[07:50:20] : Connect Failed
[LOG]<Thread:1>[07:50:38] : ====================================================
[LOG]<Thread:1>[07:50:38] :  * Client Start [IP : 127.0.0.1] [PORT : 9199] * 
[LOG]<Thread:1>[07:50:38] : ====================================================
[LOG]<Thread:1>[07:50:38] : Connecting to server...
[LOG]<Thread:1>[07:50:38] : This client runs on a Direct X client.
[LOG]<Thread:3>[07:50:39] : Connect Failed
[LOG]<Thread:1>[07:51:10] : ====================================================
[LOG]<Thread:1>[07:51:10] :  * Client Start [IP : 127.0.0.1] [PORT : 9199] * 
[LOG]<Thread:1>[07:51:10] : ====================================================
[LOG]<Thread:1>[07:51:10] : Connecting to server...
[LOG]<Thread:1>[07:51:10] : This client runs on a Direct X client.
[LOG]<Thread:3>[07:51:11] : Connect Failed
[LOG]<Thread:1>[07:51:15] : ====================================================
[LOG]<Thread:1>[07:51:15] :  * Client Start [IP : 127.0.0.1] [PORT : 9199] * 
[LOG]<Thread:1>[07:51:15] : ====================================================
[LOG]<Thread:1>[07:51:15] : Connecting to server...
[LOG]<Thread:1>[07:51:15] : This client runs on a Direct X client.
[LOG]<Thread:3>[07:51:16] : Connect Failed
[LOG]<Thread:1>[07:51:25] : ====================================================
[LOG]<Thread:1>[07:51:25] :  * Client Start [IP : 127.0.0.1] [PORT : 9199] * 
[LOG]<Thread:1>[07:51:25] : ====================================================
[LOG]<Thread:1>[07:51:25] : Connecting to server...
[LOG]<Thread:1>[07:51:25] : This client runs on a Direct X client.
[LOG]<Thread:3>[07:51:26] : Connect Failed
[LOG]<Thread:1>[07:51:34] : ====================================================
[LOG]<Thread:1>[07:51:34] :  * Client Start [IP : 127.0.0.1] [PORT : 9199] * 
[LOG]<Thread:1>[07:51:34] : ====================================================
[LOG]<Thread:1>[07:51:34] : Connecting to server...
[LOG]<Thread:1>[07:51:34] : This client runs on a Direct X client.
[LOG]<Thread:3>[07:51:35] : Connect Failed
[LOG]<Thread:1>[07:52:03] : ====================================================
[LOG]<Thread:1>[07:52:03] :  * Client Start [IP : 127.0.0.1] [PORT : 9199] * 
[LOG]<Thread:1>[07:52:03] : ====================================================
[LOG]<Thread:1>[07:52:03] : Connecting to server...
[LOG]<Thread:1>[07:52:03] : This client runs on a Direct X client.
[LOG]<Thread:3>[07:52:04] : Connect Failed
[LOG]<Thread:1>[07:54:47] : ====================================================
[LOG]<Thread:1>[07:54:47] :  * Client Start [IP : 127.0.0.1] [PORT : 9199] * 
[LOG]<Thread:1>[07:54:47] : ====================================================
[LOG]<Thread:1>[07:54:47] : Connecting to server...
[LOG]<Thread:1>[07:54:47] : This client runs on a Direct X client.
[LOG]<Thread:3>[07:54:48] : Connect Failed
[LOG]<Thread:1>[07:54:58] : ====================================================
[LOG]<Thread:1>[07:54:58] :  * Client Start [IP : 127.0.0.1] [PORT : 9199] * 
[LOG]<Thread:1>[07:54:58] : ====================================================
[LOG]<Thread:1>[07:54:58] : Connecting to server...
[LOG]<Thread:1>[07:54:58] : This client runs on a Direct X client.
[LOG]<Thread:3>[07:54:59] : Connect Failed
[LOG]<Thread:1>[07:56:31] : ====================================================
[LOG]<Thread:1>[07:56:31] :  * Client Start [IP : 127.0.0.1] [PORT : 9199] * 
[LOG]<Thread:1>[07:56:31] : ====================================================
[LOG]<Thread:1>[07:56:31] : Connecting to server...
[LOG]<Thread:1>[07:56:31] : This client runs on a Direct X client.
[LOG]<Thread:3>[07:56:31] : Connect Complate
[LOG]<Thread:1>[07:56:51] : 회원가입 성공
[LOG]<Thread:1>[07:56:51] : 회원가입에 성공했습니다.
[LOG]<Thread:1>[07:56:59] : float 님이 접속하셨습니다.
[LOG]<Thread:1>[07:57:00] : * 공개 방 [1] 방 입장에 성공했습니다.
[LOG]<Thread:1>[07:57:01] : [07:57:01] [float] : asd
[LOG]<Thread:1>[07:57:03] : Lobby 방 입장에 실패했습니다.
[LOG]<Thread:1>[07:57:50] : ====================================================
[LOG]<Thread:1>[07:57:50] :  * Client Start [IP : 127.0.0.1] [PORT : 9199] * 
[LOG]<Thread:1>[07:57:50] : ====================================================
[LOG]<Thread:1>[07:57:50] : Connecting to server...
[LOG]<Thread:1>[07:57:50] : This client runs on a Direct X client.
[LOG]<Thread:3>[07:57:50] : Connect Complate
[LOG]<Thread:1>[07:57:59] : 회원가입 성공
[LOG]<Thread:1>[07:57:59] : 회원가입에 성공했습니다.
[LOG]<Thread:1>[07:58:04] : qwer 님이 접속하셨습니다.
