[LOG]<Thread:1>[11:07:03] : ====================================================
[LOG]<Thread:1>[11:07:03] :  * Client Start [IP : 127.0.0.1] [PORT : 9199] * 
[LOG]<Thread:1>[11:07:03] : ====================================================
[LOG]<Thread:1>[11:07:03] : Connecting to server...
[LOG]<Thread:3>[11:07:03] : Connect Complate
[LOG]<Thread:1>[11:07:17] : ====================================================
[LOG]<Thread:1>[11:07:17] :  * Client Start [IP : 127.0.0.1] [PORT : 9199] * 
[LOG]<Thread:1>[11:07:17] : ====================================================
[LOG]<Thread:1>[11:07:17] : Connecting to server...
[LOG]<Thread:3>[11:07:17] : Connect Complate
[LOG]<Thread:6>[11:07:17] : Ev 님이 접속하셨습니다.
[LOG]<Thread:1>[12:02:59] : ====================================================
[LOG]<Thread:1>[12:02:59] :  * Client Start [IP : 127.0.0.1] [PORT : 9199] * 
[LOG]<Thread:1>[12:02:59] : ====================================================
[LOG]<Thread:1>[12:02:59] : Connecting to server...
[LOG]<Thread:3>[12:02:59] : Connect Complate
[LOG]<Thread:1>[12:05:19] : ====================================================
[LOG]<Thread:1>[12:05:19] :  * Client Start [IP : 127.0.0.1] [PORT : 9199] * 
[LOG]<Thread:1>[12:05:19] : ====================================================
[LOG]<Thread:1>[12:05:19] : Connecting to server...
[LOG]<Thread:3>[12:05:19] : Connect Complate
[LOG]<Thread:1>[12:13:11] : ====================================================
[LOG]<Thread:1>[12:13:11] :  * Client Start [IP : 127.0.0.1] [PORT : 9199] * 
[LOG]<Thread:1>[12:13:11] : ====================================================
[LOG]<Thread:1>[12:13:11] : Connecting to server...
[LOG]<Thread:3>[12:13:11] : Connect Complate
[LOG]<Thread:1>[12:13:24] : Ev 님이 접속하셨습니다.
[LOG]<Thread:1>[12:13:37] : 방 생성 성공
[LOG]<Thread:1>[12:13:44] : A 방 입장에 성공했습니다.
[LOG]<Thread:1>[12:13:47] : [12:13:46] [Ev] : asdasdasdd
[LOG]<Thread:1>[12:48:06] : ====================================================
[LOG]<Thread:1>[12:48:06] :  * Client Start [IP : 127.0.0.1] [PORT : 9199] * 
[LOG]<Thread:1>[12:48:06] : ====================================================
[LOG]<Thread:1>[12:48:06] : Connecting to server...
[LOG]<Thread:1>[12:48:19] : ====================================================
[LOG]<Thread:1>[12:48:19] :  * Client Start [IP : 127.0.0.1] [PORT : 9199] * 
[LOG]<Thread:1>[12:48:19] : ====================================================
[LOG]<Thread:1>[12:48:19] : Connecting to server...
[LOG]<Thread:1>[12:48:43] : ====================================================
[LOG]<Thread:1>[12:48:43] :  * Client Start [IP : 127.0.0.1] [PORT : 9199] * 
[LOG]<Thread:1>[12:48:43] : ====================================================
[LOG]<Thread:1>[12:48:43] : Connecting to server...
[LOG]<Thread:1>[01:14:03] : ====================================================
[LOG]<Thread:1>[01:14:03] :  * Client Start [IP : 127.0.0.1] [PORT : 9199] * 
[LOG]<Thread:1>[01:14:03] : ====================================================
[LOG]<Thread:1>[01:14:03] : Connecting to server...
[LOG]<Thread:3>[01:14:03] : Connect Complate
[LOG]<Thread:1>[01:14:08] : Ev 님이 접속하셨습니다.
[LOG]<Thread:1>[01:18:08] : ====================================================
 * Client Start [IP : 127.0.0.1] [PORT : 9199] * 
 ====================================================
[LOG]<Thread:1>[01:18:08] : Connecting to server...
[LOG]<Thread:1>[01:20:39] : ====================================================
[LOG]<Thread:1>[01:20:39] :  * Client Start [IP : 127.0.0.1] [PORT : 9199] * 
[LOG]<Thread:1>[01:20:39] : ====================================================
[LOG]<Thread:1>[01:20:39] : Connecting to server...
[LOG]<Thread:1>[01:21:10] : ====================================================
[LOG]<Thread:1>[01:21:10] :  * Client Start [IP : 127.0.0.1] [PORT : 9199] * 
[LOG]<Thread:1>[01:21:10] : ====================================================
[LOG]<Thread:1>[01:21:10] : Connecting to server...
[LOG]<Thread:3>[01:21:10] : Connect Complate
[LOG]<Thread:1>[01:21:27] : Ev 님이 접속하셨습니다.
[LOG]<Thread:1>[01:27:00] : ====================================================
[LOG]<Thread:1>[01:27:00] :  * Client Start [IP : 127.0.0.1] [PORT : 9199] * 
[LOG]<Thread:1>[01:27:00] : ====================================================
[LOG]<Thread:1>[01:27:00] : Connecting to server...
[LOG]<Thread:3>[01:27:00] : Connect Complate
[LOG]<Thread:1>[01:27:15] : Ev 님이 접속하셨습니다.
[LOG]<Thread:1>[01:43:05] : ====================================================
[LOG]<Thread:1>[01:43:05] :  * Client Start [IP : 127.0.0.1] [PORT : 9199] * 
[LOG]<Thread:1>[01:43:05] : ====================================================
[LOG]<Thread:1>[01:43:05] : Connecting to server...
[LOG]<Thread:3>[01:43:05] : Connect Complate
[LOG]<Thread:1>[01:43:44] : ====================================================
[LOG]<Thread:1>[01:43:44] :  * Client Start [IP : 127.0.0.1] [PORT : 9199] * 
[LOG]<Thread:1>[01:43:44] : ====================================================
[LOG]<Thread:1>[01:43:44] : Connecting to server...
[LOG]<Thread:1>[01:45:36] : ====================================================
[LOG]<Thread:1>[01:45:36] :  * Client Start [IP : 127.0.0.1] [PORT : 9199] * 
[LOG]<Thread:1>[01:45:36] : ====================================================
[LOG]<Thread:1>[01:45:36] : Connecting to server...
[LOG]<Thread:3>[01:45:36] : Connect Complate
[LOG]<Thread:1>[01:45:33] : ====================================================
[LOG]<Thread:1>[01:45:33] :  * Client Start [IP : 127.0.0.1] [PORT : 9199] * 
[LOG]<Thread:1>[01:45:33] : ====================================================
[LOG]<Thread:1>[01:45:33] : Connecting to server...
[LOG]<Thread:3>[01:45:33] : Connect Complate
[LOG]<Thread:1>[01:57:29] : ====================================================
[LOG]<Thread:1>[01:57:29] :  * Client Start [IP : 127.0.0.1] [PORT : 9199] * 
[LOG]<Thread:1>[01:57:29] : ====================================================
[LOG]<Thread:1>[01:57:29] : Connecting to server...
[LOG]<Thread:3>[01:57:29] : Connect Complate
[LOG]<Thread:1>[01:57:33] : 로그인 실패. [사유 : 아이디 또는 비밀번호를 확인해주세요.]
[LOG]<Thread:1>[01:57:33] : 로그인 실패. [사유 : 아이디 또는 비밀번호를 확인해주세요.]
[LOG]<Thread:1>[01:58:07] : ====================================================
[LOG]<Thread:1>[01:58:07] :  * Client Start [IP : 127.0.0.1] [PORT : 9199] * 
[LOG]<Thread:1>[01:58:07] : ====================================================
[LOG]<Thread:1>[01:58:07] : Connecting to server...
[LOG]<Thread:3>[01:58:07] : Connect Complate
[LOG]<Thread:1>[01:58:09] : 로그인 실패. [사유 : 아이디 또는 비밀번호를 확인해주세요.]
[LOG]<Thread:1>[01:58:09] : 로그인 실패. [사유 : 아이디 또는 비밀번호를 확인해주세요.]
[LOG]<Thread:1>[01:58:09] : 로그인 실패. [사유 : 아이디 또는 비밀번호를 확인해주세요.]
[LOG]<Thread:1>[01:58:09] : 로그인 실패. [사유 : 아이디 또는 비밀번호를 확인해주세요.]
[LOG]<Thread:1>[02:18:49] : ====================================================
[LOG]<Thread:1>[02:18:49] :  * Client Start [IP : 127.0.0.1] [PORT : 9199] * 
[LOG]<Thread:1>[02:18:49] : ====================================================
[LOG]<Thread:1>[02:18:49] : Connecting to server...
[LOG]<Thread:3>[02:18:49] : Connect Complate
[LOG]<Thread:1>[02:18:56] : ====================================================
[LOG]<Thread:1>[02:18:56] :  * Client Start [IP : 127.0.0.1] [PORT : 9199] * 
[LOG]<Thread:1>[02:18:56] : ====================================================
[LOG]<Thread:1>[02:18:56] : Connecting to server...
[LOG]<Thread:3>[02:18:56] : Connect Complate
[LOG]<Thread:1>[02:19:43] : ====================================================
[LOG]<Thread:1>[02:19:43] :  * Client Start [IP : 127.0.0.1] [PORT : 9199] * 
[LOG]<Thread:1>[02:19:43] : ====================================================
[LOG]<Thread:1>[02:19:43] : Connecting to server...
[LOG]<Thread:3>[02:19:43] : Connect Complate
[LOG]<Thread:1>[02:19:52] : ====================================================
[LOG]<Thread:1>[02:19:52] :  * Client Start [IP : 127.0.0.1] [PORT : 9199] * 
[LOG]<Thread:1>[02:19:52] : ====================================================
[LOG]<Thread:1>[02:19:52] : Connecting to server...
[LOG]<Thread:3>[02:19:52] : Connect Complate
[LOG]<Thread:1>[02:19:52] : ====================================================
[LOG]<Thread:1>[02:19:52] :  * Client Start [IP : 127.0.0.1] [PORT : 9199] * 
[LOG]<Thread:1>[02:19:52] : ====================================================
[LOG]<Thread:1>[02:19:52] : Connecting to server...
[LOG]<Thread:3>[02:19:52] : Connect Complate
[LOG]<Thread:1>[02:26:01] : ====================================================
[LOG]<Thread:1>[02:26:01] :  * Client Start [IP : 127.0.0.1] [PORT : 9199] * 
[LOG]<Thread:1>[02:26:01] : ====================================================
[LOG]<Thread:1>[02:26:01] : Connecting to server...
[LOG]<Thread:3>[02:26:01] : Connect Complate
[LOG]<Thread:1>[02:29:28] : ====================================================
[LOG]<Thread:1>[02:29:28] :  * Client Start [IP : 127.0.0.1] [PORT : 9199] * 
[LOG]<Thread:1>[02:29:28] : ====================================================
[LOG]<Thread:1>[02:29:28] : Connecting to server...
[LOG]<Thread:1>[02:32:29] : ====================================================
[LOG]<Thread:1>[02:32:29] :  * Client Start [IP : 127.0.0.1] [PORT : 9199] * 
[LOG]<Thread:1>[02:32:29] : ====================================================
[LOG]<Thread:1>[02:32:29] : Connecting to server...
[LOG]<Thread:3>[02:32:29] : Connect Complate
[LOG]<Thread:5>[02:32:34] : Ev 님이 접속하셨습니다.
[LOG]<Thread:5>[02:32:38] : 방 생성 성공
[LOG]<Thread:5>[02:32:41] : A 방 입장에 성공했습니다.
[LOG]<Thread:5>[02:32:43] : [02:32:43] [Ev] : asdasda
[LOG]<Thread:5>[02:32:43] : [02:32:43] [Ev] : sd
[LOG]<Thread:5>[02:32:43] : [02:32:43] [Ev] : as
[LOG]<Thread:5>[02:32:43] : [02:32:43] [Ev] : das
[LOG]<Thread:5>[02:32:43] : [02:32:43] [Ev] : das
[LOG]<Thread:5>[02:32:43] : [02:32:43] [Ev] : d
[LOG]<Thread:5>[02:32:43] : [02:32:43] [Ev] : asd
[LOG]<Thread:5>[02:32:44] : [02:32:44] [Ev] : as
[LOG]<Thread:5>[02:32:44] : [02:32:44] [Ev] : d
[LOG]<Thread:5>[02:32:44] : [02:32:44] [Ev] : asd
[LOG]<Thread:5>[02:32:44] : [02:32:44] [Ev] : as
[LOG]<Thread:5>[02:32:44] : [02:32:44] [Ev] : d
[LOG]<Thread:5>[02:32:44] : [02:32:44] [Ev] : as
[LOG]<Thread:5>[02:32:44] : [02:32:44] [Ev] : das
[LOG]<Thread:5>[02:32:45] : [02:32:45] [Ev] : d
[LOG]<Thread:5>[02:32:45] : [02:32:45] [Ev] : as
[LOG]<Thread:5>[02:32:45] : [02:32:45] [Ev] : dsa
[LOG]<Thread:5>[02:32:45] : [02:32:45] [Ev] : d
[LOG]<Thread:5>[02:32:45] : [02:32:45] [Ev] : as
[LOG]<Thread:5>[02:32:45] : [02:32:45] [Ev] : das
[LOG]<Thread:5>[02:32:45] : [02:32:45] [Ev] : d
[LOG]<Thread:5>[02:32:45] : [02:32:45] [Ev] : asd
[LOG]<Thread:5>[02:32:46] : [02:32:46] [Ev] : as
[LOG]<Thread:5>[02:32:46] : [02:32:46] [Ev] : d
[LOG]<Thread:1>[02:42:21] : ====================================================
[LOG]<Thread:1>[02:42:21] :  * Client Start [IP : 127.0.0.1] [PORT : 9199] * 
[LOG]<Thread:1>[02:42:21] : ====================================================
[LOG]<Thread:1>[02:42:21] : Connecting to server...
[LOG]<Thread:3>[02:42:21] : Connect Complate
[LOG]<Thread:1>[02:49:06] : ====================================================
[LOG]<Thread:1>[02:49:06] :  * Client Start [IP : 127.0.0.1] [PORT : 9199] * 
[LOG]<Thread:1>[02:49:06] : ====================================================
[LOG]<Thread:1>[02:49:06] : Connecting to server...
[LOG]<Thread:3>[02:49:06] : Connect Complate
[LOG]<Thread:1>[02:57:20] : ====================================================
[LOG]<Thread:1>[02:57:20] :  * Client Start [IP : 127.0.0.1] [PORT : 9199] * 
[LOG]<Thread:1>[02:57:20] : ====================================================
[LOG]<Thread:1>[02:57:20] : Connecting to server...
[LOG]<Thread:3>[02:57:20] : Connect Complate
[LOG]<Thread:1>[03:00:17] : ====================================================
[LOG]<Thread:1>[03:00:17] :  * Client Start [IP : 127.0.0.1] [PORT : 9199] * 
[LOG]<Thread:1>[03:00:17] : ====================================================
[LOG]<Thread:1>[03:00:17] : Connecting to server...
[LOG]<Thread:3>[03:00:17] : Connect Complate
[LOG]<Thread:1>[03:03:33] : ====================================================
[LOG]<Thread:1>[03:03:33] :  * Client Start [IP : 127.0.0.1] [PORT : 9199] * 
[LOG]<Thread:1>[03:03:33] : ====================================================
[LOG]<Thread:1>[03:03:33] : Connecting to server...
[LOG]<Thread:3>[03:03:33] : Connect Complate
[LOG]<Thread:1>[03:04:51] : ====================================================
[LOG]<Thread:1>[03:04:51] :  * Client Start [IP : 127.0.0.1] [PORT : 9199] * 
[LOG]<Thread:1>[03:04:51] : ====================================================
[LOG]<Thread:1>[03:04:51] : Connecting to server...
[LOG]<Thread:4>[03:04:51] : Connect Complate
[LOG]<Thread:1>[03:07:06] : ====================================================
[LOG]<Thread:1>[03:07:06] :  * Client Start [IP : 127.0.0.1] [PORT : 9199] * 
[LOG]<Thread:1>[03:07:06] : ====================================================
[LOG]<Thread:1>[03:07:06] : Connecting to server...
[LOG]<Thread:3>[03:07:06] : Connect Complate
[LOG]<Thread:1>[03:08:18] : ====================================================
[LOG]<Thread:1>[03:08:18] :  * Client Start [IP : 127.0.0.1] [PORT : 9199] * 
[LOG]<Thread:1>[03:08:18] : ====================================================
[LOG]<Thread:1>[03:08:18] : Connecting to server...
[LOG]<Thread:3>[03:08:18] : Connect Complate
[LOG]<Thread:5>[03:08:30] : Ev 님이 접속하셨습니다.
[LOG]<Thread:5>[03:08:34] : 방 생성 성공
[LOG]<Thread:5>[03:08:37] : A 방 입장에 성공했습니다.
[LOG]<Thread:5>[03:08:44] : [03:08:44] [Ev] : asdasd
[LOG]<Thread:5>[03:08:45] : [03:08:45] [Ev] : das
[LOG]<Thread:5>[03:08:45] : [03:08:45] [Ev] : d
[LOG]<Thread:5>[03:08:45] : [03:08:45] [Ev] : asd
[LOG]<Thread:5>[03:08:45] : [03:08:45] [Ev] : as
[LOG]<Thread:5>[03:08:45] : [03:08:45] [Ev] : das
[LOG]<Thread:5>[03:08:45] : [03:08:45] [Ev] : d
[LOG]<Thread:5>[03:08:45] : [03:08:45] [Ev] : asd
[LOG]<Thread:5>[03:08:46] : [03:08:46] [Ev] : as
[LOG]<Thread:5>[03:08:46] : [03:08:46] [Ev] : das
[LOG]<Thread:1>[03:27:06] : ====================================================
[LOG]<Thread:1>[03:27:06] :  * Client Start [IP : 127.0.0.1] [PORT : 9199] * 
[LOG]<Thread:1>[03:27:06] : ====================================================
[LOG]<Thread:1>[03:27:06] : Connecting to server...
[LOG]<Thread:1>[03:29:56] : ====================================================
[LOG]<Thread:1>[03:29:56] :  * Client Start [IP : 127.0.0.1] [PORT : 9199] * 
[LOG]<Thread:1>[03:29:56] : ====================================================
[LOG]<Thread:1>[03:29:56] : Connecting to server...
[LOG]<Thread:1>[03:31:56] : ====================================================
[LOG]<Thread:1>[03:31:56] :  * Client Start [IP : 127.0.0.1] [PORT : 9199] * 
[LOG]<Thread:1>[03:31:56] : ====================================================
[LOG]<Thread:1>[03:31:56] : Connecting to server...
[LOG]<Thread:3>[03:31:56] : Connect Complate
[LOG]<Thread:1>[03:32:03] : 로그인 실패. [사유 : 해당 아이디는 이미 다른 컴퓨터에서 사용 중입니다.]
[LOG]<Thread:1>[03:32:10] : 로그인 실패. [사유 : 해당 아이디는 이미 다른 컴퓨터에서 사용 중입니다.]
[LOG]<Thread:1>[03:32:25] : ====================================================
[LOG]<Thread:1>[03:32:25] :  * Client Start [IP : 127.0.0.1] [PORT : 9199] * 
[LOG]<Thread:1>[03:32:25] : ====================================================
[LOG]<Thread:1>[03:32:25] : Connecting to server...
[LOG]<Thread:3>[03:32:25] : Connect Complate
[LOG]<Thread:1>[03:32:30] : Ev 님이 접속하셨습니다.
[LOG]<Thread:1>[03:34:17] : ====================================================
[LOG]<Thread:1>[03:34:17] :  * Client Start [IP : 127.0.0.1] [PORT : 9199] * 
[LOG]<Thread:1>[03:34:17] : ====================================================
[LOG]<Thread:1>[03:34:17] : Connecting to server...
[LOG]<Thread:3>[03:34:17] : Connect Complate
[LOG]<Thread:1>[03:34:22] : 로그인 실패. [사유 : 아이디 또는 비밀번호를 확인해주세요.]
[LOG]<Thread:1>[03:35:03] : ====================================================
[LOG]<Thread:1>[03:35:03] :  * Client Start [IP : 127.0.0.1] [PORT : 9199] * 
[LOG]<Thread:1>[03:35:03] : ====================================================
[LOG]<Thread:1>[03:35:03] : Connecting to server...
[LOG]<Thread:3>[03:35:03] : Connect Complate
[LOG]<Thread:1>[03:39:44] : ====================================================
[LOG]<Thread:1>[03:39:44] :  * Client Start [IP : 127.0.0.1] [PORT : 9199] * 
[LOG]<Thread:1>[03:39:44] : ====================================================
[LOG]<Thread:1>[03:39:44] : Connecting to server...
[LOG]<Thread:3>[03:39:45] : Connect Failed
[LOG]<Thread:1>[03:40:11] : ====================================================
[LOG]<Thread:1>[03:40:11] :  * Client Start [IP : 127.0.0.1] [PORT : 9199] * 
[LOG]<Thread:1>[03:40:11] : ====================================================
[LOG]<Thread:1>[03:40:11] : Connecting to server...
[LOG]<Thread:3>[03:40:12] : Connect Failed
[LOG]<Thread:1>[03:40:14] : ====================================================
[LOG]<Thread:1>[03:40:14] :  * Client Start [IP : 127.0.0.1] [PORT : 9199] * 
[LOG]<Thread:1>[03:40:14] : ====================================================
[LOG]<Thread:1>[03:40:14] : Connecting to server...
[LOG]<Thread:3>[03:40:15] : Connect Failed
[LOG]<Thread:1>[03:40:17] : ====================================================
[LOG]<Thread:1>[03:40:17] :  * Client Start [IP : 127.0.0.1] [PORT : 9199] * 
[LOG]<Thread:1>[03:40:17] : ====================================================
[LOG]<Thread:1>[03:40:17] : Connecting to server...
[LOG]<Thread:6>[03:40:18] : Connect Failed
[LOG]<Thread:1>[03:41:03] : ====================================================
[LOG]<Thread:1>[03:41:03] :  * Client Start [IP : 127.0.0.1] [PORT : 9199] * 
[LOG]<Thread:1>[03:41:03] : ====================================================
[LOG]<Thread:1>[03:41:03] : Connecting to server...
[LOG]<Thread:3>[03:41:04] : Connect Failed
[LOG]<Thread:1>[03:41:04] : ====================================================
[LOG]<Thread:1>[03:41:04] :  * Client Start [IP : 127.0.0.1] [PORT : 9199] * 
[LOG]<Thread:1>[03:41:04] : ====================================================
[LOG]<Thread:1>[03:41:04] : Connecting to server...
[LOG]<Thread:6>[03:41:05] : Connect Failed
[LOG]<Thread:1>[03:41:06] : ====================================================
[LOG]<Thread:1>[03:41:06] :  * Client Start [IP : 127.0.0.1] [PORT : 9199] * 
[LOG]<Thread:1>[03:41:06] : ====================================================
[LOG]<Thread:1>[03:41:06] : Connecting to server...
[LOG]<Thread:3>[03:41:07] : Connect Failed
[LOG]<Thread:1>[03:41:08] : ====================================================
[LOG]<Thread:1>[03:41:08] :  * Client Start [IP : 127.0.0.1] [PORT : 9199] * 
[LOG]<Thread:1>[03:41:08] : ====================================================
[LOG]<Thread:1>[03:41:08] : Connecting to server...
[LOG]<Thread:3>[03:41:09] : Connect Failed
[LOG]<Thread:1>[03:41:10] : ====================================================
[LOG]<Thread:1>[03:41:10] :  * Client Start [IP : 127.0.0.1] [PORT : 9199] * 
[LOG]<Thread:1>[03:41:10] : ====================================================
[LOG]<Thread:1>[03:41:10] : Connecting to server...
[LOG]<Thread:3>[03:41:11] : Connect Failed
[LOG]<Thread:1>[03:43:44] : ====================================================
[LOG]<Thread:1>[03:43:44] :  * Client Start [IP : 127.0.0.1] [PORT : 9199] * 
[LOG]<Thread:1>[03:43:44] : ====================================================
[LOG]<Thread:1>[03:43:44] : Connecting to server...
[LOG]<Thread:3>[03:43:45] : Connect Failed
[LOG]<Thread:1>[03:43:46] : ====================================================
[LOG]<Thread:1>[03:43:46] :  * Client Start [IP : 127.0.0.1] [PORT : 9199] * 
[LOG]<Thread:1>[03:43:46] : ====================================================
[LOG]<Thread:1>[03:43:46] : Connecting to server...
[LOG]<Thread:6>[03:43:47] : Connect Failed
[LOG]<Thread:1>[03:45:16] : ====================================================
[LOG]<Thread:1>[03:45:16] :  * Client Start [IP : 127.0.0.1] [PORT : 9199] * 
[LOG]<Thread:1>[03:45:16] : ====================================================
[LOG]<Thread:1>[03:45:16] : Connecting to server...
[LOG]<Thread:3>[03:45:17] : Connect Failed
[LOG]<Thread:1>[03:45:17] : ====================================================
[LOG]<Thread:1>[03:45:17] :  * Client Start [IP : 127.0.0.1] [PORT : 9199] * 
[LOG]<Thread:1>[03:45:17] : ====================================================
[LOG]<Thread:1>[03:45:17] : Connecting to server...
[LOG]<Thread:3>[03:45:18] : Connect Failed
[LOG]<Thread:1>[03:48:57] : ====================================================
[LOG]<Thread:1>[03:48:57] :  * Client Start [IP : 127.0.0.1] [PORT : 9199] * 
[LOG]<Thread:1>[03:48:57] : ====================================================
[LOG]<Thread:1>[03:48:57] : Connecting to server...
[LOG]<Thread:3>[03:48:58] : Connect Failed
[LOG]<Thread:1>[03:48:59] : ====================================================
[LOG]<Thread:1>[03:48:59] :  * Client Start [IP : 127.0.0.1] [PORT : 9199] * 
[LOG]<Thread:1>[03:48:59] : ====================================================
[LOG]<Thread:1>[03:48:59] : Connecting to server...
[LOG]<Thread:3>[03:49:00] : Connect Failed
[LOG]<Thread:1>[03:49:26] : ====================================================
[LOG]<Thread:1>[03:49:26] :  * Client Start [IP : 127.0.0.1] [PORT : 9199] * 
[LOG]<Thread:1>[03:49:26] : ====================================================
[LOG]<Thread:1>[03:49:26] : Connecting to server...
[LOG]<Thread:3>[03:49:27] : Connect Failed
[LOG]<Thread:1>[03:49:29] : ====================================================
[LOG]<Thread:1>[03:49:29] :  * Client Start [IP : 127.0.0.1] [PORT : 9199] * 
[LOG]<Thread:1>[03:49:29] : ====================================================
[LOG]<Thread:1>[03:49:29] : Connecting to server...
[LOG]<Thread:3>[03:49:30] : Connect Failed
[LOG]<Thread:1>[03:49:32] : ====================================================
[LOG]<Thread:1>[03:49:32] :  * Client Start [IP : 127.0.0.1] [PORT : 9199] * 
[LOG]<Thread:1>[03:49:32] : ====================================================
[LOG]<Thread:1>[03:49:32] : Connecting to server...
[LOG]<Thread:3>[03:49:33] : Connect Failed
[LOG]<Thread:1>[03:51:01] : ====================================================
[LOG]<Thread:1>[03:51:01] :  * Client Start [IP : 127.0.0.1] [PORT : 9199] * 
[LOG]<Thread:1>[03:51:01] : ====================================================
[LOG]<Thread:1>[03:51:01] : Connecting to server...
[LOG]<Thread:1>[03:51:02] : ====================================================
[LOG]<Thread:1>[03:51:02] :  * Client Start [IP : 127.0.0.1] [PORT : 9199] * 
[LOG]<Thread:1>[03:51:02] : ====================================================
[LOG]<Thread:1>[03:51:02] : Connecting to server...
[LOG]<Thread:3>[03:51:02] : Connect Failed
[LOG]<Thread:1>[03:51:03] : ====================================================
[LOG]<Thread:1>[03:51:03] :  * Client Start [IP : 127.0.0.1] [PORT : 9199] * 
[LOG]<Thread:1>[03:51:03] : ====================================================
[LOG]<Thread:1>[03:51:03] : Connecting to server...
[LOG]<Thread:7>[03:51:03] : Connect Failed
[LOG]<Thread:3>[03:51:04] : Connect Failed
[LOG]<Thread:1>[03:51:40] : ====================================================
[LOG]<Thread:1>[03:51:40] :  * Client Start [IP : 127.0.0.1] [PORT : 9199] * 
[LOG]<Thread:1>[03:51:40] : ====================================================
[LOG]<Thread:1>[03:51:40] : Connecting to server...
[LOG]<Thread:3>[03:51:41] : Connect Failed
[LOG]<Thread:1>[03:51:41] : ====================================================
[LOG]<Thread:1>[03:51:41] :  * Client Start [IP : 127.0.0.1] [PORT : 9199] * 
[LOG]<Thread:1>[03:51:41] : ====================================================
[LOG]<Thread:1>[03:51:41] : Connecting to server...
[LOG]<Thread:6>[03:51:42] : Connect Failed
[LOG]<Thread:1>[03:51:43] : ====================================================
[LOG]<Thread:1>[03:51:43] :  * Client Start [IP : 127.0.0.1] [PORT : 9199] * 
[LOG]<Thread:1>[03:51:43] : ====================================================
[LOG]<Thread:1>[03:51:43] : Connecting to server...
[LOG]<Thread:6>[03:51:44] : Connect Failed
