[LOG]<Thread:1>[07:00:07] : ====================================================
[LOG]<Thread:1>[07:00:07] :  * Client Start [IP : 127.0.0.1] [PORT : 9199] * 
[LOG]<Thread:1>[07:00:07] : ====================================================
[LOG]<Thread:1>[07:00:07] : Connecting to server...
[LOG]<Thread:3>[07:00:07] : Connect Complate
[LOG]<Thread:1>[07:01:50] : ====================================================
[LOG]<Thread:1>[07:01:50] :  * Client Start [IP : 127.0.0.1] [PORT : 9199] * 
[LOG]<Thread:1>[07:01:50] : ====================================================
[LOG]<Thread:1>[07:01:50] : Connecting to server...
[LOG]<Thread:3>[07:01:50] : Connect Complate
[LOG]<Thread:1>[07:02:16] : ====================================================
[LOG]<Thread:1>[07:02:16] :  * Client Start [IP : 127.0.0.1] [PORT : 9199] * 
[LOG]<Thread:1>[07:02:16] : ====================================================
[LOG]<Thread:1>[07:02:16] : Connecting to server...
[LOG]<Thread:3>[07:02:16] : Connect Complate
[LOG]<Thread:1>[07:05:41] : ====================================================
[LOG]<Thread:1>[07:05:41] :  * Client Start [IP : 127.0.0.1] [PORT : 9199] * 
[LOG]<Thread:1>[07:05:41] : ====================================================
[LOG]<Thread:1>[07:05:41] : Connecting to server...
[LOG]<Thread:3>[07:05:41] : Connect Complate
[LOG]<Thread:1>[07:21:40] : ====================================================
[LOG]<Thread:1>[07:21:40] :  * Client Start [IP : 127.0.0.1] [PORT : 9199] * 
[LOG]<Thread:1>[07:21:40] : ====================================================
[LOG]<Thread:1>[07:21:40] : Connecting to server...
[LOG]<Thread:1>[07:29:32] : ====================================================
[LOG]<Thread:1>[07:29:32] :  * Client Start [IP : 127.0.0.1] [PORT : 9199] * 
[LOG]<Thread:1>[07:29:32] : ====================================================
[LOG]<Thread:1>[07:29:32] : Connecting to server...
[LOG]<Thread:3>[07:29:33] : Connect Complate
[LOG]<Thread:1>[07:31:20] : ====================================================
[LOG]<Thread:1>[07:31:20] :  * Client Start [IP : 127.0.0.1] [PORT : 9199] * 
[LOG]<Thread:1>[07:31:20] : ====================================================
[LOG]<Thread:1>[07:31:20] : Connecting to server...
[LOG]<Thread:1>[07:41:35] : ====================================================
[LOG]<Thread:1>[07:41:35] :  * Client Start [IP : 127.0.0.1] [PORT : 9199] * 
[LOG]<Thread:1>[07:41:35] : ====================================================
[LOG]<Thread:1>[07:41:35] : Connecting to server...
[LOG]<Thread:3>[07:41:35] : Connect Complate
[LOG]<Thread:3>[07:41:48] : PUSH PACKET
[LOG]<Thread:5>[07:41:48] : POP PACKET
[LOG]<Thread:5>[07:41:48] : 회원가입 실패
[LOG]<Thread:5>[07:41:48] : 이미 해당 ID 가 존재합니다.
[LOG]<Thread:4>[07:42:18] : PUSH PACKET
[LOG]<Thread:5>[07:42:18] : POP PACKET
[LOG]<Thread:5>[07:42:18] : 회원가입 성공
[LOG]<Thread:5>[07:42:18] : 회원가입에 성공했습니다.
[LOG]<Thread:1>[07:50:20] : ====================================================
[LOG]<Thread:1>[07:50:20] :  * Client Start [IP : 127.0.0.1] [PORT : 9199] * 
[LOG]<Thread:1>[07:50:20] : ====================================================
[LOG]<Thread:1>[07:50:20] : Connecting to server...
[LOG]<Thread:3>[07:50:20] : Connect Complate
[LOG]<Thread:3>[07:50:30] : PUSH PACKET
[LOG]<Thread:5>[07:50:30] : POP PACKET
[LOG]<Thread:5>[07:50:30] : 회원가입 성공
[LOG]<Thread:5>[07:50:30] : 회원가입에 성공했습니다.
[LOG]<Thread:4>[07:50:44] : PUSH PACKET
[LOG]<Thread:5>[07:50:44] : POP PACKET
[LOG]<Thread:5>[07:50:44] : Evens 님이 접속하셨습니다.
[LOG]<Thread:4>[07:50:55] : PUSH PACKET
[LOG]<Thread:5>[07:50:55] : POP PACKET
[LOG]<Thread:5>[07:50:55] : 로그인 실패
[LOG]<Thread:6>[07:51:19] : PUSH PACKET
[LOG]<Thread:5>[07:51:19] : POP PACKET
[LOG]<Thread:5>[07:51:19] : 회원가입 성공
[LOG]<Thread:5>[07:51:19] : 회원가입에 성공했습니다.
[LOG]<Thread:6>[07:51:29] : PUSH PACKET
[LOG]<Thread:5>[07:51:29] : POP PACKET
[LOG]<Thread:5>[07:51:29] : TEST001 님이 접속하셨습니다.
[LOG]<Thread:1>[08:39:03] : ====================================================
[LOG]<Thread:1>[08:39:03] :  * Client Start [IP : 127.0.0.1] [PORT : 9199] * 
[LOG]<Thread:1>[08:39:03] : ====================================================
[LOG]<Thread:1>[08:39:03] : Connecting to server...
[LOG]<Thread:3>[08:39:03] : Connect Complate
[LOG]<Thread:3>[08:39:17] : PUSH PACKET
[LOG]<Thread:5>[08:39:17] : POP PACKET
[LOG]<Thread:5>[08:39:17] : 회원가입 성공
[LOG]<Thread:5>[08:39:17] : 회원가입에 성공했습니다.
[LOG]<Thread:4>[08:39:26] : PUSH PACKET
[LOG]<Thread:5>[08:39:26] : POP PACKET
[LOG]<Thread:5>[08:39:26] : 이정태 님이 접속하셨습니다.
