[LOG]<Thread:1>[02:42:12] : ====================================================
[LOG]<Thread:1>[02:42:12] :  * Server Start [IP : 127.0.0.1] [PORT : 9199] * 
[LOG]<Thread:1>[02:42:12] : ====================================================
[LOG]<Thread:3>[02:42:15] : ON CONNECT 1480
[LOG]<Thread:3>[02:42:25] : ON DATA_PACKET INFO: SERIAL:1480
[LOG]<Thread:3>[02:42:33] : ON DISCONNECT 1480
[LOG]<Thread:1>[02:42:39] : ====================================================
[LOG]<Thread:1>[02:42:39] :  * Server Shutdown * 
[LOG]<Thread:1>[02:42:39] : ====================================================
[LOG]<Thread:1>[04:01:07] : ====================================================
[LOG]<Thread:1>[04:01:07] :  * Server Start [IP : 127.0.0.1] [PORT : 9199] * 
[LOG]<Thread:1>[04:01:07] : ====================================================
[LOG]<Thread:4>[04:05:59] : ON CONNECT 1380
[LOG]<Thread:4>[04:06:04] : ON DATA_PACKET INFO: SERIAL:1380
[LOG]<Thread:4>[04:06:05] : ON DATA_PACKET INFO: SERIAL:1380
[LOG]<Thread:4>[04:06:14] : ON DATA_PACKET INFO: SERIAL:1380
[LOG]<Thread:4>[04:06:28] : ON DATA_PACKET INFO: SERIAL:1380
[LOG]<Thread:4>[04:06:33] : ON DATA_PACKET INFO: SERIAL:1380
[LOG]<Thread:4>[04:06:38] : ON DATA_PACKET INFO: SERIAL:1380
[LOG]<Thread:4>[04:06:59] : ON DATA_PACKET INFO: SERIAL:1380
[LOG]<Thread:4>[04:07:04] : ON DATA_PACKET INFO: SERIAL:1380
[LOG]<Thread:4>[04:07:12] : ON DATA_PACKET INFO: SERIAL:1380
[LOG]<Thread:4>[04:07:15] : ON DATA_PACKET INFO: SERIAL:1380
[LOG]<Thread:4>[04:07:17] : ON DATA_PACKET INFO: SERIAL:1380
[LOG]<Thread:4>[04:07:19] : ON DATA_PACKET INFO: SERIAL:1380
[LOG]<Thread:4>[04:07:19] : ON DATA_PACKET INFO: SERIAL:1380
[LOG]<Thread:4>[04:07:19] : ON DATA_PACKET INFO: SERIAL:1380
[LOG]<Thread:4>[04:07:19] : ON DATA_PACKET INFO: SERIAL:1380
[LOG]<Thread:4>[04:07:20] : ON DATA_PACKET INFO: SERIAL:1380
[LOG]<Thread:4>[04:07:20] : ON DATA_PACKET INFO: SERIAL:1380
[LOG]<Thread:4>[04:07:20] : ON DATA_PACKET INFO: SERIAL:1380
[LOG]<Thread:4>[04:07:21] : ON DATA_PACKET INFO: SERIAL:1380
[LOG]<Thread:4>[04:07:26] : ON DATA_PACKET INFO: SERIAL:1380
[LOG]<Thread:4>[04:07:26] : ON DATA_PACKET INFO: SERIAL:1380
[LOG]<Thread:4>[04:07:26] : ON DATA_PACKET INFO: SERIAL:1380
[LOG]<Thread:4>[04:07:26] : ON DATA_PACKET INFO: SERIAL:1380
[LOG]<Thread:4>[04:07:26] : ON DATA_PACKET INFO: SERIAL:1380
[LOG]<Thread:4>[04:07:26] : ON DATA_PACKET INFO: SERIAL:1380
[LOG]<Thread:4>[04:07:26] : ON DATA_PACKET INFO: SERIAL:1380
[LOG]<Thread:4>[04:07:26] : ON DATA_PACKET INFO: SERIAL:1380
[LOG]<Thread:4>[04:07:27] : ON DATA_PACKET INFO: SERIAL:1380
[LOG]<Thread:4>[04:07:37] : ON DATA_PACKET INFO: SERIAL:1380
[LOG]<Thread:4>[04:07:37] : ON DATA_PACKET INFO: SERIAL:1380
[LOG]<Thread:4>[04:07:38] : ON DATA_PACKET INFO: SERIAL:1380
[LOG]<Thread:4>[04:07:38] : ON DATA_PACKET INFO: SERIAL:1380
[LOG]<Thread:4>[04:07:38] : ON DATA_PACKET INFO: SERIAL:1380
[LOG]<Thread:4>[04:07:39] : ON DATA_PACKET INFO: SERIAL:1380
[LOG]<Thread:4>[04:07:39] : ON DATA_PACKET INFO: SERIAL:1380
[LOG]<Thread:4>[04:07:39] : ON DATA_PACKET INFO: SERIAL:1380
[LOG]<Thread:4>[04:07:40] : ON DATA_PACKET INFO: SERIAL:1380
[LOG]<Thread:4>[04:07:40] : ON DATA_PACKET INFO: SERIAL:1380
[LOG]<Thread:4>[04:07:40] : ON DATA_PACKET INFO: SERIAL:1380
[LOG]<Thread:4>[04:07:41] : ON DATA_PACKET INFO: SERIAL:1380
[LOG]<Thread:4>[04:07:41] : ON DATA_PACKET INFO: SERIAL:1380
[LOG]<Thread:4>[04:07:41] : ON DATA_PACKET INFO: SERIAL:1380
[LOG]<Thread:4>[04:07:42] : ON DATA_PACKET INFO: SERIAL:1380
[LOG]<Thread:4>[04:07:42] : ON DATA_PACKET INFO: SERIAL:1380
[LOG]<Thread:4>[04:07:42] : ON DATA_PACKET INFO: SERIAL:1380
[LOG]<Thread:4>[04:07:42] : ON DATA_PACKET INFO: SERIAL:1380
[LOG]<Thread:4>[04:07:43] : ON DATA_PACKET INFO: SERIAL:1380
[LOG]<Thread:4>[04:07:55] : ON CONNECT 732
[LOG]<Thread:4>[04:08:01] : ON DATA_PACKET INFO: SERIAL:732
[LOG]<Thread:4>[04:08:04] : ON DATA_PACKET INFO: SERIAL:732
[LOG]<Thread:4>[04:08:05] : ON DATA_PACKET INFO: SERIAL:732
[LOG]<Thread:4>[04:08:05] : ON DATA_PACKET INFO: SERIAL:732
[LOG]<Thread:4>[04:08:05] : ON DATA_PACKET INFO: SERIAL:732
[LOG]<Thread:4>[04:08:06] : ON DATA_PACKET INFO: SERIAL:732
[LOG]<Thread:4>[04:08:06] : ON DATA_PACKET INFO: SERIAL:732
[LOG]<Thread:4>[04:08:06] : ON DATA_PACKET INFO: SERIAL:732
[LOG]<Thread:4>[04:08:06] : ON DATA_PACKET INFO: SERIAL:732
[LOG]<Thread:4>[04:08:06] : ON DATA_PACKET INFO: SERIAL:732
[LOG]<Thread:4>[04:08:08] : ON DATA_PACKET INFO: SERIAL:1380
[LOG]<Thread:4>[04:08:09] : ON DATA_PACKET INFO: SERIAL:1380
[LOG]<Thread:4>[04:08:09] : ON DATA_PACKET INFO: SERIAL:1380
[LOG]<Thread:4>[04:08:09] : ON DATA_PACKET INFO: SERIAL:1380
[LOG]<Thread:4>[04:08:09] : ON DATA_PACKET INFO: SERIAL:1380
[LOG]<Thread:4>[04:08:09] : ON DATA_PACKET INFO: SERIAL:1380
[LOG]<Thread:4>[04:08:11] : ON DISCONNECT 732
[LOG]<Thread:4>[04:08:12] : ON DISCONNECT 1380
[LOG]<Thread:1>[04:09:00] : ====================================================
[LOG]<Thread:1>[04:09:00] :  * Server Shutdown * 
[LOG]<Thread:1>[04:09:00] : ====================================================
