[LOG]<Thread:1>[09:31:22] : ====================================================
[LOG]<Thread:1>[09:31:22] :  * Server Start [IP : 127.0.0.1] [PORT : 9199] * 
[LOG]<Thread:1>[09:31:22] : ====================================================
[LOG]<Thread:3>[09:31:31] : S:[1348] Connected
[LOG]<Thread:3>[09:31:39] : S:[1348] The login was successful. Name: TEST
[LOG]<Thread:3>[09:31:45] : S:[1348] Request to join the room. Name: TEST Room: asd Result: True
[LOG]<Thread:3>[09:32:01] : S:[1348] Disconnected
[LOG]<Thread:1>[09:32:07] : ====================================================
[LOG]<Thread:1>[09:32:07] :  * Server Shutdown * 
[LOG]<Thread:1>[09:32:07] : ====================================================
[LOG]<Thread:1>[09:44:53] : ====================================================
[LOG]<Thread:1>[09:44:53] :  * Server Start [IP : 127.0.0.1] [PORT : 9199] * 
[LOG]<Thread:1>[09:44:53] : ====================================================
[LOG]<Thread:3>[09:45:04] : S:[1324] Connected
[LOG]<Thread:3>[09:45:14] : S:[1324] The login was successful. Name: TEST
[LOG]<Thread:3>[09:45:14] : S:[1324] Room list return request.
[LOG]<Thread:3>[09:45:24] : S:[1324] Room creation request. Room: [NEW ROOM] Result: [True]
[LOG]<Thread:3>[09:45:24] : S:[1324] Request to join the room. Name: [TEST] Room: [NEW ROOM] Result: [True]
[LOG]<Thread:3>[09:45:36] : S:[1324] Chat: [[09:45:36] [TEST] : HI]
[LOG]<Thread:3>[09:45:47] : S:[1324] Chat: [[09:45:47] [TEST] : HI HELLO]
[LOG]<Thread:3>[09:45:52] : S:[1324] Request to join the room. Name: [TEST] Room: [Lobby] Result: [False]
[LOG]<Thread:3>[09:45:52] : S:[1324] Room exit request. Name: [TEST] Room: [NEW ROOM] Result: [True]
[LOG]<Thread:3>[09:45:52] : Room deleted. Room: [NEW ROOM]
[LOG]<Thread:3>[09:45:52] : S:[1324] Room list return request.
[LOG]<Thread:3>[09:46:01] : S:[1324] Room list return request.
[LOG]<Thread:3>[09:46:02] : S:[1324] Room list return request.
[LOG]<Thread:3>[09:46:04] : S:[1324] Room list return request.
[LOG]<Thread:3>[09:46:32] : S:[1324] Room creation request. Room: [IN] Result: [True]
[LOG]<Thread:3>[09:46:32] : S:[1324] Request to join the room. Name: [TEST] Room: [IN] Result: [True]
[LOG]<Thread:3>[09:46:47] : S:[1528] Connected
[LOG]<Thread:3>[09:46:54] : S:[1528] The login was successful. Name: TEST2
[LOG]<Thread:3>[09:46:54] : S:[1528] Room list return request.
[LOG]<Thread:3>[09:47:00] : S:[1528] Room list return request.
[LOG]<Thread:3>[09:47:00] : S:[1528] Room list return request.
[LOG]<Thread:3>[09:47:02] : S:[1528] Request to join the room. Name: [TEST2] Room: [IN] Result: [True]
[LOG]<Thread:3>[09:47:13] : S:[1528] Chat: [[09:47:13] [TEST2] : HI]
[LOG]<Thread:3>[09:47:20] : S:[1324] Chat: [[09:47:20] [TEST] : HI]
[LOG]<Thread:3>[09:47:23] : S:[1324] Chat: [[09:47:23] [TEST] : HI]
[LOG]<Thread:3>[09:47:27] : S:[1324] Chat: [[09:47:27] [TEST] : HIHI]
[LOG]<Thread:3>[09:47:32] : S:[1324] Chat: [[09:47:32] [TEST] : HIHI]
[LOG]<Thread:3>[09:47:36] : S:[1528] Chat: [[09:47:36] [TEST2] : ASDSD]
[LOG]<Thread:3>[09:47:42] : S:[1528] Chat: [[09:47:42] [TEST2] : ASDFSD]
[LOG]<Thread:3>[09:47:44] : S:[1528] Chat: [[09:47:44] [TEST2] : ASD]
[LOG]<Thread:3>[09:47:46] : S:[1528] Chat: [[09:47:46] [TEST2] : asd]
[LOG]<Thread:3>[09:47:47] : S:[1528] Chat: [[09:47:47] [TEST2] :  ]
[LOG]<Thread:3>[09:47:48] : S:[1528] Chat: [[09:47:48] [TEST2] :  ]
[LOG]<Thread:3>[09:47:48] : S:[1528] Chat: [[09:47:48] [TEST2] :  ]
[LOG]<Thread:3>[09:47:53] : S:[1528] Chat: [[09:47:53] [TEST2] :  ]
[LOG]<Thread:3>[09:47:55] : S:[1324] Chat: [[09:47:55] [TEST] : What]
[LOG]<Thread:3>[09:47:58] : S:[1324] Chat: [[09:47:58] [TEST] :  ]
[LOG]<Thread:3>[09:47:58] : S:[1324] Request to join the room. Name: [TEST] Room: [Lobby] Result: [False]
[LOG]<Thread:3>[09:48:00] : S:[1324] Room exit request. Name: [TEST] Room: [IN] Result: [True]
[LOG]<Thread:3>[09:48:00] : S:[1528] Request to join the room. Name: [TEST2] Room: [Lobby] Result: [False]
[LOG]<Thread:3>[09:48:00] : S:[1528] Room exit request. Name: [TEST2] Room: [IN] Result: [True]
[LOG]<Thread:3>[09:48:00] : Room deleted. Room: [IN]
[LOG]<Thread:3>[09:48:00] : S:[1324] Room list return request.
[LOG]<Thread:3>[09:48:02] : S:[1528] Room list return request.
[LOG]<Thread:3>[09:48:04] : S:[1528] Disconnected
[LOG]<Thread:1>[09:48:27] : ====================================================
[LOG]<Thread:1>[09:48:27] :  * Server Shutdown * 
[LOG]<Thread:1>[09:48:27] : ====================================================
[LOG]<Thread:1>[09:55:03] : ====================================================
[LOG]<Thread:1>[09:55:03] :  * Server Start [IP : 127.0.0.1] [PORT : 9199] * 
[LOG]<Thread:1>[09:55:03] : ====================================================
[LOG]<Thread:4>[09:55:06] : S:[1324] Connected
[LOG]<Thread:4>[09:55:11] : S:[1324] The login was successful. Name: TEST
[LOG]<Thread:4>[09:55:11] : S:[1324] Room list return request.
[LOG]<Thread:4>[09:55:12] : S:[1324] Request to join the room. Name: [TEST] Room: [* 공개 방 [1]] Result: [True]
[LOG]<Thread:4>[09:55:17] : S:[1536] Connected
[LOG]<Thread:4>[09:55:21] : S:[1536] The login was successful. Name: TEST2
[LOG]<Thread:4>[09:55:21] : S:[1536] Room list return request.
[LOG]<Thread:4>[09:55:22] : S:[1536] Request to join the room. Name: [TEST2] Room: [* 공개 방 [1]] Result: [True]
[LOG]<Thread:4>[09:55:29] : S:[1324] Request to join the room. Name: [TEST] Room: [Lobby] Result: [False]
[LOG]<Thread:4>[09:55:29] : S:[1324] Room exit request. Name: [TEST] Room: [* 공개 방 [1]] Result: [True]
[LOG]<Thread:4>[09:55:29] : S:[1324] Room list return request.
[LOG]<Thread:4>[09:55:35] : S:[1536] Request to join the room. Name: [TEST2] Room: [Lobby] Result: [False]
[LOG]<Thread:4>[09:55:35] : S:[1536] Room exit request. Name: [TEST2] Room: [* 공개 방 [1]] Result: [True]
[LOG]<Thread:4>[09:55:35] : Room deleted. Room: [* 공개 방 [1]]
[LOG]<Thread:4>[09:55:35] : S:[1536] Room list return request.
[LOG]<Thread:4>[09:55:36] : S:[1536] Disconnected
[LOG]<Thread:4>[09:55:38] : S:[1324] Disconnected
[LOG]<Thread:1>[09:55:46] : ====================================================
[LOG]<Thread:1>[09:55:46] :  * Server Shutdown * 
[LOG]<Thread:1>[09:55:46] : ====================================================
[LOG]<Thread:1>[09:56:43] : ====================================================
[LOG]<Thread:1>[09:56:43] :  * Server Start [IP : 127.0.0.1] [PORT : 9199] * 
[LOG]<Thread:1>[09:56:43] : ====================================================
[LOG]<Thread:3>[09:56:45] : S:[1324] Connected
[LOG]<Thread:3>[09:56:49] : S:[1324] Login failed. Name: 
[LOG]<Thread:3>[09:56:52] : S:[1324] The login was successful. Name: c
[LOG]<Thread:3>[09:56:52] : S:[1324] Room list return request.
[LOG]<Thread:3>[09:56:56] : S:[1524] Connected
[LOG]<Thread:3>[09:56:57] : S:[1524] Login failed. Name: 
[LOG]<Thread:3>[09:57:03] : S:[1524] Disconnected
[LOG]<Thread:3>[09:57:08] : S:[1324] Request to join the room. Name: [c] Room: [* 공개 방 [1]] Result: [True]
[LOG]<Thread:3>[09:57:14] : S:[1560] Connected
[LOG]<Thread:3>[09:57:18] : S:[1560] The login was successful. Name: c2
[LOG]<Thread:3>[09:57:18] : S:[1560] Room list return request.
[LOG]<Thread:3>[09:57:19] : S:[1560] Request to join the room. Name: [c2] Room: [* 공개 방 [1]] Result: [True]
[LOG]<Thread:3>[09:57:24] : S:[1560] Chat: <[* 공개 방 [1]][09:57:24] [c2] : asd>
[LOG]<Thread:3>[09:57:27] : S:[1324] Chat: <[* 공개 방 [1]][09:57:27] [c] : asdasd>
[LOG]<Thread:3>[09:57:29] : S:[1560] Chat: <[* 공개 방 [1]][09:57:29] [c2] : acscasc>
[LOG]<Thread:3>[09:57:31] : S:[1324] Chat: <[* 공개 방 [1]][09:57:31] [c] : cascascas>
[LOG]<Thread:3>[09:57:32] : S:[1324] Request to join the room. Name: [c] Room: [Lobby] Result: [False]
[LOG]<Thread:3>[09:57:32] : S:[1324] Room exit request. Name: [c] Room: [* 공개 방 [1]] Result: [True]
[LOG]<Thread:3>[09:57:32] : S:[1324] Room list return request.
[LOG]<Thread:3>[09:57:32] : S:[1324] Request to join the room. Name: [c] Room: [* 공개 방 [1]] Result: [True]
[LOG]<Thread:3>[09:57:34] : S:[1324] Chat: <[* 공개 방 [1]][09:57:34] [c] : cascascasc>
[LOG]<Thread:3>[09:57:39] : S:[1560] Disconnected
[LOG]<Thread:3>[09:57:40] : S:[1324] Disconnected
[LOG]<Thread:1>[09:57:41] : ====================================================
[LOG]<Thread:1>[09:57:41] :  * Server Shutdown * 
[LOG]<Thread:1>[09:57:42] : ====================================================
[LOG]<Thread:1>[10:04:08] : ====================================================
[LOG]<Thread:1>[10:04:08] :  * Server Start [IP : 127.0.0.1] [PORT : 9199] * 
[LOG]<Thread:1>[10:04:08] : ====================================================
[LOG]<Thread:3>[10:04:11] : S:[1328] Connected
[LOG]<Thread:3>[10:04:12] : S:[1544] Connected
[LOG]<Thread:3>[10:04:14] : S:[1556] Connected
[LOG]<Thread:3>[10:04:15] : S:[1560] Connected
[LOG]<Thread:3>[10:04:17] : S:[1512] Connected
[LOG]<Thread:3>[10:04:18] : S:[1564] Connected
[LOG]<Thread:3>[10:04:20] : S:[1568] Connected
[LOG]<Thread:3>[10:04:21] : S:[1568] Disconnected
[LOG]<Thread:3>[10:04:22] : S:[1564] Disconnected
[LOG]<Thread:3>[10:04:22] : S:[1512] Disconnected
[LOG]<Thread:3>[10:04:23] : S:[1556] Disconnected
[LOG]<Thread:3>[10:04:23] : S:[1544] Disconnected
[LOG]<Thread:3>[10:04:24] : S:[1328] Disconnected
[LOG]<Thread:3>[10:04:25] : S:[1560] Disconnected
[LOG]<Thread:1>[10:04:30] : THREAD COUNT : 15
[LOG]<Thread:1>[10:04:32] : THREAD COUNT : 15
[LOG]<Thread:1>[10:04:33] : THREAD COUNT : 15
[LOG]<Thread:1>[10:04:34] : THREAD COUNT : 15
[LOG]<Thread:1>[10:04:35] : THREAD COUNT : 15
[LOG]<Thread:1>[10:04:36] : THREAD COUNT : 15
[LOG]<Thread:1>[10:04:37] : ====================================================
[LOG]<Thread:1>[10:04:37] :  * Server Shutdown * 
[LOG]<Thread:1>[10:04:37] : ====================================================
[LOG]<Thread:1>[10:06:12] : ====================================================
[LOG]<Thread:1>[10:06:12] :  * Server Start [IP : 127.0.0.1] [PORT : 9199] * 
[LOG]<Thread:1>[10:06:12] : ====================================================
[LOG]<Thread:3>[10:06:17] : S:[1336] Connected
[LOG]<Thread:3>[10:06:24] : S:[1336] The login was successful. Name: TEST
[LOG]<Thread:3>[10:06:24] : S:[1336] Room list return request.
[LOG]<Thread:3>[10:06:26] : S:[1336] Room list return request.
[LOG]<Thread:3>[10:06:27] : S:[1336] Room list return request.
[LOG]<Thread:3>[10:06:30] : S:[1336] Room list return request.
[LOG]<Thread:3>[10:06:31] : S:[1336] Room list return request.
[LOG]<Thread:3>[10:06:32] : S:[1336] Room list return request.
[LOG]<Thread:3>[10:06:32] : S:[1336] Room list return request.
[LOG]<Thread:3>[10:06:33] : S:[1336] Request to join the room. Name: [TEST] Room: [Lobby] Result: [True]
[LOG]<Thread:3>[10:06:39] : S:[1336] Disconnected
[LOG]<Thread:3>[10:06:49] : S:[1560] Connected
[LOG]<Thread:3>[10:06:51] : S:[1560] The login was successful. Name: c
[LOG]<Thread:3>[10:06:51] : S:[1560] Room list return request.
[LOG]<Thread:3>[10:06:57] : S:[1560] Room creation request. Room: [New Room] Result: [True]
[LOG]<Thread:3>[10:06:57] : S:[1560] Request to join the room. Name: [c] Room: [New Room] Result: [True]
[LOG]<Thread:3>[10:07:01] : S:[1560] Room list return request.
[LOG]<Thread:3>[10:07:01] : S:[1560] Room list return request.
[LOG]<Thread:3>[10:07:02] : S:[1560] Request to join the room. Name: [c] Room: [New Room] Result: [True]
[LOG]<Thread:3>[10:07:06] : S:[1560] Chat: <[New Room][10:07:06] [c] : HI>
[LOG]<Thread:3>[10:07:07] : S:[1560] Chat: <[New Room][10:07:07] [c] : Hello>
[LOG]<Thread:3>[10:07:08] : S:[1560] Request to join the room. Name: [c] Room: [Lobby] Result: [True]
[LOG]<Thread:3>[10:07:08] : S:[1560] Room exit request. Name: [c] Room: [New Room] Result: [True]
[LOG]<Thread:3>[10:07:08] : Room deleted. Room: [New Room]
[LOG]<Thread:3>[10:07:08] : S:[1560] Room list return request.
[LOG]<Thread:3>[10:07:10] : S:[1560] Room list return request.
[LOG]<Thread:3>[10:07:11] : S:[1560] Room list return request.
[LOG]<Thread:3>[10:07:13] : S:[1560] Room list return request.
[LOG]<Thread:3>[10:07:14] : S:[1560] Disconnected
[LOG]<Thread:1>[10:07:16] : THREAD COUNT : 16
[LOG]<Thread:1>[10:07:17] : ====================================================
[LOG]<Thread:1>[10:07:17] :  * Server Shutdown * 
[LOG]<Thread:1>[10:07:17] : ====================================================
[LOG]<Thread:1>[10:09:41] : ====================================================
[LOG]<Thread:1>[10:09:41] :  * Server Start [IP : 127.0.0.1] [PORT : 9199] * 
[LOG]<Thread:1>[10:09:41] : ====================================================
[LOG]<Thread:3>[10:09:45] : S:[1332] Connected
[LOG]<Thread:3>[10:09:46] : S:[1532] Connected
[LOG]<Thread:3>[10:09:57] : S:[1532] The login was successful. Name: TEST
[LOG]<Thread:3>[10:09:57] : S:[1532] Room list return request.
[LOG]<Thread:3>[10:09:59] : S:[1332] Login failed. Name: 
[LOG]<Thread:3>[10:10:03] : S:[1332] Disconnected
[LOG]<Thread:3>[10:10:04] : S:[1532] Disconnected
[LOG]<Thread:1>[10:10:09] : ====================================================
[LOG]<Thread:1>[10:10:09] :  * Server Shutdown * 
[LOG]<Thread:1>[10:10:09] : ====================================================
[LOG]<Thread:1>[10:10:31] : ====================================================
[LOG]<Thread:1>[10:10:31] :  * Server Start [IP : 127.0.0.1] [PORT : 9199] * 
[LOG]<Thread:1>[10:10:31] : ====================================================
[LOG]<Thread:3>[10:10:35] : S:[1324] Connected
[LOG]<Thread:3>[10:10:37] : S:[1324] The login was successful. Name: c
[LOG]<Thread:3>[10:10:37] : S:[1324] Room list return request.
[LOG]<Thread:3>[10:10:39] : S:[1324] Room creation request. Room: [ASASD] Result: [True]
[LOG]<Thread:3>[10:10:39] : S:[1324] Request to join the room. Name: [c] Room: [ASASD] Result: [True]
[LOG]<Thread:3>[10:10:41] : S:[1324] Disconnected
[LOG]<Thread:3>[10:10:43] : S:[1564] Connected
[LOG]<Thread:3>[10:10:47] : S:[1564] The login was successful. Name: TEST
[LOG]<Thread:3>[10:10:47] : S:[1564] Room list return request.
[LOG]<Thread:3>[10:10:48] : S:[1564] Room list return request.
[LOG]<Thread:3>[10:10:49] : S:[1564] Disconnected
[LOG]<Thread:1>[10:10:53] : ====================================================
[LOG]<Thread:1>[10:10:53] :  * Server Shutdown * 
[LOG]<Thread:1>[10:10:53] : ====================================================
[LOG]<Thread:1>[10:12:46] : ====================================================
[LOG]<Thread:1>[10:12:46] :  * Server Start [IP : 127.0.0.1] [PORT : 9199] * 
[LOG]<Thread:1>[10:12:46] : ====================================================
[LOG]<Thread:3>[10:13:00] : S:[1332] Connected
[LOG]<Thread:3>[10:13:03] : S:[1332] The login was successful. Name: c
[LOG]<Thread:3>[10:13:03] : S:[1332] Room list return request.
[LOG]<Thread:3>[10:13:08] : S:[1332] Room creation request. Room: [c's room] Result: [True]
[LOG]<Thread:3>[10:13:08] : S:[1332] Request to join the room. Name: [c] Room: [c's room] Result: [True]
[LOG]<Thread:3>[10:13:10] : S:[1332] Disconnected
[LOG]<Thread:3>[10:13:12] : S:[1580] Connected
[LOG]<Thread:3>[10:13:15] : S:[1580] Login failed. Name: 
[LOG]<Thread:3>[10:13:18] : S:[1580] The login was successful. Name: c2
[LOG]<Thread:3>[10:13:18] : S:[1580] Room list return request.
[LOG]<Thread:3>[10:13:19] : S:[1580] Room list return request.
[LOG]<Thread:3>[10:13:20] : S:[1580] Room list return request.
[LOG]<Thread:3>[10:13:22] : S:[1580] Request to join the room. Name: [c2] Room: [Lobby] Result: [True]
[LOG]<Thread:3>[10:13:23] : S:[1580] Request to join the room. Name: [c2] Room: [Lobby] Result: [True]
[LOG]<Thread:3>[10:13:23] : S:[1580] Room exit request. Name: [c2] Room: [Lobby] Result: [True]
[LOG]<Thread:3>[10:13:23] : Room deleted. Room: [Lobby]
[LOG]<Thread:3>[10:13:23] : S:[1580] Room list return request.
[LOG]<Thread:3>[10:13:24] : S:[1580] Room list return request.
[LOG]<Thread:3>[10:13:24] : S:[1580] Room list return request.
[LOG]<Thread:1>[10:13:39] : ====================================================
[LOG]<Thread:1>[10:13:39] :  * Server Shutdown * 
[LOG]<Thread:1>[10:13:39] : ====================================================
