[LOG]<Thread:1>[02:40:35] : ====================================================
[LOG]<Thread:1>[02:40:35] :  * Server Start [IP : 127.0.0.1] [PORT : 9199] * 
[LOG]<Thread:1>[02:40:35] : ====================================================
[LOG]<Thread:3>[02:40:40] : ON CONNECT 1268
[LOG]<Thread:3>[02:40:50] : ON DATA PACKET
[LOG]<Thread:3>[02:41:26] : ON DATA PACKET
[LOG]<Thread:3>[02:41:35] : ON DATA PACKET
[LOG]<Thread:3>[02:41:46] : ON DATA PACKET
[LOG]<Thread:3>[02:41:55] : ON DISCONNECT 1268
[LOG]<Thread:1>[03:04:48] : ====================================================
[LOG]<Thread:1>[03:04:48] :  * Server Start [IP : 127.0.0.1] [PORT : 9199] * 
[LOG]<Thread:1>[03:04:48] : ====================================================
[LOG]<Thread:3>[03:04:53] : ON CONNECT 1224
[LOG]<Thread:3>[03:05:01] : ON DATA_PACKET INFO: SERIAL:1224 PROC_TYPE:Data
[LOG]<Thread:3>[03:05:08] : ON DATA_PACKET INFO: SERIAL:1224 PROC_TYPE:Data
[LOG]<Thread:3>[03:05:13] : ON CONNECT 1496
[LOG]<Thread:3>[03:05:19] : ON DATA_PACKET INFO: SERIAL:1496 PROC_TYPE:Data
[LOG]<Thread:3>[03:05:30] : ON DATA_PACKET INFO: SERIAL:1496 PROC_TYPE:Data
[LOG]<Thread:3>[03:05:33] : ON DISCONNECT 1496
[LOG]<Thread:3>[03:05:33] : ON DISCONNECT 1224
[LOG]<Thread:1>[03:12:38] : ====================================================
[LOG]<Thread:1>[03:12:38] :  * Server Start [IP : 127.0.0.1] [PORT : 9199] * 
[LOG]<Thread:1>[03:12:38] : ====================================================
[LOG]<Thread:3>[03:12:42] : ON CONNECT 1348
[LOG]<Thread:3>[03:12:45] : ON CONNECT 1344
[LOG]<Thread:3>[03:12:51] : ON DATA_PACKET INFO: SERIAL:1348 PROC_TYPE:Data
[LOG]<Thread:3>[03:13:02] : ON DATA_PACKET INFO: SERIAL:1344 PROC_TYPE:Data
[LOG]<Thread:3>[03:13:12] : ON DATA_PACKET INFO: SERIAL:1348 PROC_TYPE:Data
[LOG]<Thread:3>[03:13:24] : ON DATA_PACKET INFO: SERIAL:1348 PROC_TYPE:Data
[LOG]<Thread:3>[03:13:36] : ON DISCONNECT 1344
[LOG]<Thread:3>[03:13:36] : ON DISCONNECT 1348
[LOG]<Thread:1>[07:36:52] : ====================================================
[LOG]<Thread:1>[07:36:52] :  * Server Start [IP : 127.0.0.1] [PORT : 9199] * 
[LOG]<Thread:1>[07:36:52] : ====================================================
[LOG]<Thread:3>[07:36:57] : ON CONNECT 1164
[LOG]<Thread:3>[07:37:03] : ON DATA_PACKET INFO: SERIAL:1164 PROC_TYPE:Data
[LOG]<Thread:1>[07:44:13] : ====================================================
[LOG]<Thread:1>[07:44:13] :  * Server Start [IP : 127.0.0.1] [PORT : 9199] * 
[LOG]<Thread:1>[07:44:13] : ====================================================
[LOG]<Thread:1>[07:44:43] : ====================================================
[LOG]<Thread:1>[07:44:43] :  * Server Start [IP : 127.0.0.1] [PORT : 9199] * 
[LOG]<Thread:1>[07:44:43] : ====================================================
[LOG]<Thread:3>[07:44:53] : ON CONNECT 1044
[LOG]<Thread:3>[07:45:01] : ON DATA_PACKET INFO: SERIAL:1044 PROC_TYPE:Data
[LOG]<Thread:3>[07:45:07] : ON DATA_PACKET INFO: SERIAL:1044 PROC_TYPE:Data
[LOG]<Thread:3>[07:45:23] : ON DATA_PACKET INFO: SERIAL:1044 PROC_TYPE:Data
[LOG]<Thread:3>[07:45:33] : ON CONNECT 1444
[LOG]<Thread:3>[07:45:39] : ON DATA_PACKET INFO: SERIAL:1444 PROC_TYPE:Data
[LOG]<Thread:3>[07:45:42] : ON DISCONNECT 1444
[LOG]<Thread:3>[07:45:42] : ON DISCONNECT 1044
[LOG]<Thread:1>[07:49:00] : ====================================================
[LOG]<Thread:1>[07:49:00] :  * Server Start [IP : 127.0.0.1] [PORT : 9199] * 
[LOG]<Thread:1>[07:49:00] : ====================================================
[LOG]<Thread:3>[07:49:06] : ON CONNECT 1192
[LOG]<Thread:3>[07:49:11] : ON DATA_PACKET INFO: SERIAL:1192 PROC_TYPE:Data
[LOG]<Thread:3>[07:49:16] : ON DATA_PACKET INFO: SERIAL:1192 PROC_TYPE:Data
[LOG]<Thread:3>[07:49:23] : ON CONNECT 1440
[LOG]<Thread:3>[07:49:27] : ON DATA_PACKET INFO: SERIAL:1440 PROC_TYPE:Data
[LOG]<Thread:3>[07:49:45] : ON DATA_PACKET INFO: SERIAL:1440 PROC_TYPE:Data
[LOG]<Thread:3>[07:49:54] : ON DATA_PACKET INFO: SERIAL:1440 PROC_TYPE:Data
[LOG]<Thread:3>[07:50:15] : ON DATA_PACKET INFO: SERIAL:1440 PROC_TYPE:Data
[LOG]<Thread:3>[07:50:25] : ON DISCONNECT 1440
[LOG]<Thread:3>[07:50:26] : ON DISCONNECT 1192
[LOG]<Thread:1>[07:51:42] : ====================================================
[LOG]<Thread:1>[07:51:42] :  * Server Start [IP : 127.0.0.1] [PORT : 9199] * 
[LOG]<Thread:1>[07:51:42] : ====================================================
[LOG]<Thread:3>[07:51:49] : ON CONNECT 1192
[LOG]<Thread:3>[07:51:55] : ON DATA_PACKET INFO: SERIAL:1192 PROC_TYPE:Data
[LOG]<Thread:3>[07:51:59] : ON DATA_PACKET INFO: SERIAL:1192 PROC_TYPE:Data
[LOG]<Thread:3>[07:52:06] : ON DATA_PACKET INFO: SERIAL:1192 PROC_TYPE:Data
[LOG]<Thread:3>[07:52:13] : ON DATA_PACKET INFO: SERIAL:1192 PROC_TYPE:Data
[LOG]<Thread:3>[07:52:22] : ON CONNECT 1452
[LOG]<Thread:3>[07:52:30] : ON DATA_PACKET INFO: SERIAL:1452 PROC_TYPE:Data
[LOG]<Thread:3>[07:52:44] : ON DISCONNECT 1452
[LOG]<Thread:3>[07:52:47] : ON DISCONNECT 1192
