[LOG]<Thread:1>[02:39:02] : ====================================================
[LOG]<Thread:1>[02:39:02] :  * Server Start [IP : 127.0.0.1] [PORT : 9199] * 
[LOG]<Thread:1>[02:39:02] : ====================================================
[LOG]<Thread:3>[02:39:08] : ON CONNECT 1164
[LOG]<Thread:3>[02:39:15] : ON DATA PACKET
[LOG]<Thread:3>[02:39:15] : ON DATA PACKET
[LOG]<Thread:3>[02:39:15] : ON DATA PACKET
[LOG]<Thread:3>[02:39:16] : ON DATA PACKET
[LOG]<Thread:3>[02:39:16] : ON DATA PACKET
[LOG]<Thread:3>[02:39:17] : ON DATA PACKET
[LOG]<Thread:3>[02:39:17] : ON DATA PACKET
[LOG]<Thread:3>[02:39:17] : ON DATA PACKET
[LOG]<Thread:3>[02:39:17] : ON DATA PACKET
[LOG]<Thread:3>[02:39:17] : ON DATA PACKET
[LOG]<Thread:3>[02:39:18] : ON DATA PACKET
[LOG]<Thread:3>[02:39:18] : ON DATA PACKET
[LOG]<Thread:3>[02:39:28] : ON CONNECT 1408
[LOG]<Thread:3>[02:39:30] : ON DATA PACKET
[LOG]<Thread:3>[02:39:31] : ON DATA PACKET
[LOG]<Thread:3>[02:39:31] : ON DATA PACKET
[LOG]<Thread:3>[02:39:32] : ON DATA PACKET
[LOG]<Thread:3>[02:39:32] : ON DATA PACKET
[LOG]<Thread:3>[02:39:33] : ON DATA PACKET
[LOG]<Thread:3>[02:39:33] : ON DATA PACKET
[LOG]<Thread:3>[02:39:33] : ON DATA PACKET
[LOG]<Thread:3>[02:39:34] : ON DATA PACKET
[LOG]<Thread:3>[02:39:36] : ON DATA PACKET
[LOG]<Thread:3>[02:39:37] : ON DATA PACKET
[LOG]<Thread:3>[02:39:37] : ON DATA PACKET
[LOG]<Thread:3>[02:39:37] : ON DATA PACKET
[LOG]<Thread:3>[02:39:37] : ON DATA PACKET
[LOG]<Thread:3>[02:39:38] : ON DATA PACKET
[LOG]<Thread:3>[02:39:38] : ON DATA PACKET
[LOG]<Thread:3>[02:39:38] : ON DATA PACKET
[LOG]<Thread:3>[02:39:40] : ON DISCONNECT 1164
[LOG]<Thread:3>[02:39:42] : ON DATA PACKET
[LOG]<Thread:3>[02:39:43] : ON DISCONNECT 1408
